[35m[Appium][39m Welcome to Appium v1.22.0
[35m[Appium][39m Non-default server args:
[35m[Appium][39m   port: 59362
[35m[Appium][39m   loglevel: info
[35m[Appium][39m   tmpDir: /var/folders/ny/h8rbv5fn5fx86h57mqpkhv2h0000gn/T//Katalon/Appium/Temp1638956259660
[35m[Appium][39m   chromedriverPort: 59363
[35m[Appium][39m Deprecated server args:
[35m[Appium][39m   [31m--chromedriver-port[39m => --default-capabilities
[35m[Appium][39m Default capabilities, which will be added to each request unless overridden by desired capabilities:
[35m[Appium][39m   chromedriverPort: 59363
[35m[Appium][39m Appium REST http interface listener started on 0.0.0.0:59362
[35m[HTTP][39m [37m-->[39m [37mGET[39m [37m/wd/hub/status[39m
[35m[HTTP][39m [90m{}[39m
[35m[HTTP][39m [37m<-- GET /wd/hub/status [39m[32m200[39m [90m7 ms - 68[39m
[35m[HTTP][39m [90m[39m
[35m[HTTP][39m [37m-->[39m [37mPOST[39m [37m/wd/hub/session[39m
[35m[HTTP][39m [90m{"desiredCapabilities":{"appActivity":".Settings","appPackage":"com.android.settings","newCommandTimeout":1800,"platformVersion":"11","automationName":"uiautomator2","autoGrantPermissions":true,"platformName":"Android","udid":"FA84A1A00616","deviceName":"Google Pixel 2 (Android 11)","platform":"ANDROID","systemPort":8214},"capabilities":{"firstMatch":[{"appium:appActivity":".Settings","appium:appPackage":"com.android.settings","appium:autoGrantPermissions":true,"appium:automationName":"uiautomator2","appium:deviceName":"Google Pixel 2 (Android 11)","appium:newCommandTimeout":1800,"platform":"ANDROID","platformName":"android","appium:platformVersion":"11","appium:systemPort":8214,"appium:udid":"FA84A1A00616"}]}}[39m
[35m[BaseDriver][39m The following capabilities are not standard capabilities and should have an extension prefix:
[35m[BaseDriver][39m   platform
[35m[BaseDriver][39m   chromedriverPort
[35m[Appium][39m Appium v1.22.0 creating new AndroidUiautomator2Driver (v1.69.0) session
[35m[BaseDriver][39m The following capabilities were provided, but are not recognized by Appium:
[35m[BaseDriver][39m   platform
[35m[BaseDriver][39m Session created with session id: df3bc55f-ab10-407c-9e64-5806ed2e81a4
[35m[UiAutomator2][39m Starting 'com.android.settings' directly on the device
[35m[ADB][39m Found 1 'build-tools' folders under '/Users/Alexander/.katalon/tools/android_sdk' (newest first):
[35m[ADB][39m     /Users/Alexander/.katalon/tools/android_sdk/build-tools/29.0.3
[35m[ADB][39m Using 'adb' from '/Users/Alexander/.katalon/tools/android_sdk/platform-tools/adb'
[35m[AndroidDriver][39m Retrieving device list
[35m[AndroidDriver][39m Using device: FA84A1A00616
[35m[ADB][39m Using 'adb' from '/Users/Alexander/.katalon/tools/android_sdk/platform-tools/adb'
[35m[ADB][39m Getting device platform version
[35m[UiAutomator2][39m Relaxing hidden api policy
[35m[AndroidDriver][39m No app sent in, not parsing package/activity
[35m[UiAutomator2][39m Restoring hidden api policy to the device default configuration
[35m[HTTP][39m [37m<-- POST /wd/hub/session [39m[31m500[39m [90m1433 ms - 1135[39m
[35m[HTTP][39m [90m[39m
[35m[HTTP][39m [37m-->[39m [37mGET[39m [37m/wd/hub/status[39m
[35m[HTTP][39m [90m{}[39m
[35m[HTTP][39m [37m<-- GET /wd/hub/status [39m[32m200[39m [90m1 ms - 68[39m
[35m[HTTP][39m [90m[39m
[35m[HTTP][39m [37m-->[39m [37mPOST[39m [37m/wd/hub/session[39m
[35m[HTTP][39m [90m{"desiredCapabilities":{"appActivity":".Settings","appPackage":"com.android.settings","newCommandTimeout":1800,"platformVersion":"11","automationName":"uiautomator2","autoGrantPermissions":true,"platformName":"Android","udid":"FA84A1A00616","deviceName":"Google Pixel 2 (Android 11)","platform":"ANDROID","systemPort":8230},"capabilities":{"firstMatch":[{"appium:appActivity":".Settings","appium:appPackage":"com.android.settings","appium:autoGrantPermissions":true,"appium:automationName":"uiautomator2","appium:deviceName":"Google Pixel 2 (Android 11)","appium:newCommandTimeout":1800,"platform":"ANDROID","platformName":"android","appium:platformVersion":"11","appium:systemPort":8230,"appium:udid":"FA84A1A00616"}]}}[39m
[35m[BaseDriver][39m The following capabilities are not standard capabilities and should have an extension prefix:
[35m[BaseDriver][39m   platform
[35m[BaseDriver][39m   chromedriverPort
[35m[Appium][39m Appium v1.22.0 creating new AndroidUiautomator2Driver (v1.69.0) session
[35m[BaseDriver][39m The following capabilities were provided, but are not recognized by Appium:
[35m[BaseDriver][39m   platform
[35m[BaseDriver][39m Session created with session id: cc64ff7c-df5d-4ce2-830f-ddd700fe0cdf
[35m[UiAutomator2][39m Starting 'com.android.settings' directly on the device
[35m[ADB][39m Using 'adb' from '/Users/Alexander/.katalon/tools/android_sdk/platform-tools/adb'
[35m[AndroidDriver][39m Retrieving device list
[35m[AndroidDriver][39m Using device: FA84A1A00616
[35m[ADB][39m Using 'adb' from '/Users/Alexander/.katalon/tools/android_sdk/platform-tools/adb'
[35m[ADB][39m Getting device platform version
[35m[UiAutomator2][39m Relaxing hidden api policy
[35m[AndroidDriver][39m No app sent in, not parsing package/activity
[35m[ADB][39m Using 'apksigner.jar' from '/Users/Alexander/.katalon/tools/android_sdk/build-tools/29.0.3/lib/apksigner.jar'
[35m[ADB][39m '/usr/local/lib/node_modules/appium/node_modules/appium-uiautomator2-server/apks/appium-uiautomator2-server-v4.24.0.apk' is signed with the default certificate
[35m[ADB][39m '/usr/local/lib/node_modules/appium/node_modules/appium-uiautomator2-server/apks/appium-uiautomator2-server-debug-androidTest.apk' is signed with the default certificate
[35m[UiAutomator2][39m Server packages are not going to be (re)installed
[35m[ADB][39m Adding packages ["io.appium.settings","io.appium.uiautomator2.server","io.appium.uiautomator2.server.test"] to Doze whitelist
[35m[UiAutomator2][39m Starting UIAutomator2 server 4.24.0
[35m[UiAutomator2][39m Using UIAutomator2 server from '/usr/local/lib/node_modules/appium/node_modules/appium-uiautomator2-server/apks/appium-uiautomator2-server-v4.24.0.apk' and test from '/usr/local/lib/node_modules/appium/node_modules/appium-uiautomator2-server/apks/appium-uiautomator2-server-debug-androidTest.apk'
[35m[UiAutomator2][39m Waiting up to 30000ms for UiAutomator2 to be online...
[35m[WD Proxy][39m socket hang up
[35m[WD Proxy][39m socket hang up
[35m[WD Proxy][39m socket hang up
[35m[WD Proxy][39m Determined the downstream protocol as 'W3C'
[35m[AndroidDriver][39m Screen already unlocked, doing nothing
[35m[UiAutomator2][39m Starting 'com.android.settings/.Settings and waiting for 'com.android.settings/.Settings'
[35m[Appium][39m New AndroidUiautomator2Driver session created successfully, session cc64ff7c-df5d-4ce2-830f-ddd700fe0cdf added to master session list
[35m[HTTP][39m [37m<-- POST /wd/hub/session [39m[32m200[39m [90m7867 ms - 1158[39m
[35m[HTTP][39m [90m[39m
[35m[HTTP][39m [37m-->[39m [37mGET[39m [37m/wd/hub/session/cc64ff7c-df5d-4ce2-830f-ddd700fe0cdf[39m
[35m[HTTP][39m [90m{}[39m
[35m[HTTP][39m [37m<-- GET /wd/hub/session/cc64ff7c-df5d-4ce2-830f-ddd700fe0cdf [39m[32m200[39m [90m9 ms - 1112[39m
[35m[HTTP][39m [90m[39m
[35m[HTTP][39m [37m-->[39m [37mGET[39m [37m/wd/hub/session/cc64ff7c-df5d-4ce2-830f-ddd700fe0cdf[39m
[35m[HTTP][39m [90m{}[39m
[35m[HTTP][39m [37m<-- GET /wd/hub/session/cc64ff7c-df5d-4ce2-830f-ddd700fe0cdf [39m[32m200[39m [90m8 ms - 1112[39m
[35m[HTTP][39m [90m[39m
[35m[HTTP][39m [37m-->[39m [37mGET[39m [37m/wd/hub/status[39m
[35m[HTTP][39m [90m{}[39m
[35m[HTTP][39m [37m<-- GET /wd/hub/status [39m[32m200[39m [90m1 ms - 68[39m
[35m[HTTP][39m [90m[39m
[35m[HTTP][39m [37m-->[39m [37mPOST[39m [37m/wd/hub/session/cc64ff7c-df5d-4ce2-830f-ddd700fe0cdf/timeouts[39m
[35m[HTTP][39m [90m{"implicit":30000}[39m
[35m[HTTP][39m [37m<-- POST /wd/hub/session/cc64ff7c-df5d-4ce2-830f-ddd700fe0cdf/timeouts [39m[32m200[39m [90m3 ms - 14[39m
[35m[HTTP][39m [90m[39m
[35m[HTTP][39m [37m-->[39m [37mGET[39m [37m/wd/hub/session/cc64ff7c-df5d-4ce2-830f-ddd700fe0cdf/screenshot[39m
[35m[HTTP][39m [90m{}[39m
[35m[HTTP][39m [37m<-- GET /wd/hub/session/cc64ff7c-df5d-4ce2-830f-ddd700fe0cdf/screenshot [39m[32m200[39m [90m471 ms - 246382[39m
[35m[HTTP][39m [90m[39m
[35m[HTTP][39m [37m-->[39m [37mGET[39m [37m/wd/hub/session/cc64ff7c-df5d-4ce2-830f-ddd700fe0cdf/window/rect[39m
[35m[HTTP][39m [90m{}[39m
[35m[HTTP][39m [37m<-- GET /wd/hub/session/cc64ff7c-df5d-4ce2-830f-ddd700fe0cdf/window/rect [39m[32m200[39m [90m21 ms - 50[39m
[35m[HTTP][39m [90m[39m
[35m[HTTP][39m [37m-->[39m [37mGET[39m [37m/wd/hub/session/cc64ff7c-df5d-4ce2-830f-ddd700fe0cdf/appium/device/system_bars[39m
[35m[HTTP][39m [90m{}[39m
[35m[HTTP][39m [37m<-- GET /wd/hub/session/cc64ff7c-df5d-4ce2-830f-ddd700fe0cdf/appium/device/system_bars [39m[32m200[39m [90m94 ms - 148[39m
[35m[HTTP][39m [90m[39m
[35m[HTTP][39m [37m-->[39m [37mPOST[39m [37m/wd/hub/session/cc64ff7c-df5d-4ce2-830f-ddd700fe0cdf/appium/device/activate_app[39m
[35m[HTTP][39m [90m{"bundleId":"com.gigantic.clawee"}[39m
[35m[HTTP][39m [37m<-- POST /wd/hub/session/cc64ff7c-df5d-4ce2-830f-ddd700fe0cdf/appium/device/activate_app [39m[32m200[39m [90m340 ms - 14[39m
[35m[HTTP][39m [90m[39m
[35m[HTTP][39m [37m-->[39m [37mPOST[39m [37m/wd/hub/session/cc64ff7c-df5d-4ce2-830f-ddd700fe0cdf/timeouts[39m
[35m[HTTP][39m [90m{"implicit":50}[39m
[35m[HTTP][39m [37m<-- POST /wd/hub/session/cc64ff7c-df5d-4ce2-830f-ddd700fe0cdf/timeouts [39m[32m200[39m [90m2 ms - 14[39m
[35m[HTTP][39m [90m[39m
[35m[HTTP][39m [37m-->[39m [37mGET[39m [37m/wd/hub/session/cc64ff7c-df5d-4ce2-830f-ddd700fe0cdf/window/rect[39m
[35m[HTTP][39m [90m{}[39m
[35m[HTTP][39m [37m<-- GET /wd/hub/session/cc64ff7c-df5d-4ce2-830f-ddd700fe0cdf/window/rect [39m[32m200[39m [90m17 ms - 50[39m
[35m[HTTP][39m [90m[39m
[35m[HTTP][39m [37m-->[39m [37mPOST[39m [37m/wd/hub/session/cc64ff7c-df5d-4ce2-830f-ddd700fe0cdf/elements[39m
[35m[HTTP][39m [90m{"using":"xpath","value":"//*[@class = 'android.widget.Button' and (@text = 'Connect with E-mail' or . = 'Connect with E-mail') and @resource-id = 'com.gigantic.clawee:id/emailButton']"}[39m
[35m[HTTP][39m [37m<-- POST /wd/hub/session/cc64ff7c-df5d-4ce2-830f-ddd700fe0cdf/elements [39m[32m200[39m [90m1684 ms - 12[39m
[35m[HTTP][39m [90m[39m
[35m[HTTP][39m [37m-->[39m [37mPOST[39m [37m/wd/hub/session/cc64ff7c-df5d-4ce2-830f-ddd700fe0cdf/elements[39m
[35m[HTTP][39m [90m{"using":"xpath","value":"//*[@class = 'android.widget.Button' and (@text = 'Connect with E-mail' or . = 'Connect with E-mail') and @resource-id = 'com.gigantic.clawee:id/emailButton']"}[39m
[35m[HTTP][39m [37m<-- POST /wd/hub/session/cc64ff7c-df5d-4ce2-830f-ddd700fe0cdf/elements [39m[32m200[39m [90m204 ms - 12[39m
[35m[HTTP][39m [90m[39m
[35m[HTTP][39m [37m-->[39m [37mPOST[39m [37m/wd/hub/session/cc64ff7c-df5d-4ce2-830f-ddd700fe0cdf/elements[39m
[35m[HTTP][39m [90m{"using":"xpath","value":"//*[@class = 'android.widget.Button' and (@text = 'Connect with E-mail' or . = 'Connect with E-mail') and @resource-id = 'com.gigantic.clawee:id/emailButton']"}[39m
[35m[HTTP][39m [37m<-- POST /wd/hub/session/cc64ff7c-df5d-4ce2-830f-ddd700fe0cdf/elements [39m[32m200[39m [90m91 ms - 12[39m
[35m[HTTP][39m [90m[39m
[35m[HTTP][39m [37m-->[39m [37mPOST[39m [37m/wd/hub/session/cc64ff7c-df5d-4ce2-830f-ddd700fe0cdf/elements[39m
[35m[HTTP][39m [90m{"using":"xpath","value":"//*[@class = 'android.widget.Button' and (@text = 'Connect with E-mail' or . = 'Connect with E-mail') and @resource-id = 'com.gigantic.clawee:id/emailButton']"}[39m
[35m[HTTP][39m [37m<-- POST /wd/hub/session/cc64ff7c-df5d-4ce2-830f-ddd700fe0cdf/elements [39m[32m200[39m [90m87 ms - 12[39m
[35m[HTTP][39m [90m[39m
[35m[HTTP][39m [37m-->[39m [37mPOST[39m [37m/wd/hub/session/cc64ff7c-df5d-4ce2-830f-ddd700fe0cdf/elements[39m
[35m[HTTP][39m [90m{"using":"xpath","value":"//*[@class = 'android.widget.Button' and (@text = 'Connect with E-mail' or . = 'Connect with E-mail') and @resource-id = 'com.gigantic.clawee:id/emailButton']"}[39m
[35m[HTTP][39m [37m<-- POST /wd/hub/session/cc64ff7c-df5d-4ce2-830f-ddd700fe0cdf/elements [39m[32m200[39m [90m97 ms - 12[39m
[35m[HTTP][39m [90m[39m
[35m[HTTP][39m [37m-->[39m [37mPOST[39m [37m/wd/hub/session/cc64ff7c-df5d-4ce2-830f-ddd700fe0cdf/elements[39m
[35m[HTTP][39m [90m{"using":"xpath","value":"//*[@class = 'android.widget.Button' and (@text = 'Connect with E-mail' or . = 'Connect with E-mail') and @resource-id = 'com.gigantic.clawee:id/emailButton']"}[39m
[35m[HTTP][39m [37m<-- POST /wd/hub/session/cc64ff7c-df5d-4ce2-830f-ddd700fe0cdf/elements [39m[32m200[39m [90m100 ms - 12[39m
[35m[HTTP][39m [90m[39m
[35m[HTTP][39m [37m-->[39m [37mPOST[39m [37m/wd/hub/session/cc64ff7c-df5d-4ce2-830f-ddd700fe0cdf/elements[39m
[35m[HTTP][39m [90m{"using":"xpath","value":"//*[@class = 'android.widget.Button' and (@text = 'Connect with E-mail' or . = 'Connect with E-mail') and @resource-id = 'com.gigantic.clawee:id/emailButton']"}[39m
[35m[HTTP][39m [37m<-- POST /wd/hub/session/cc64ff7c-df5d-4ce2-830f-ddd700fe0cdf/elements [39m[32m200[39m [90m91 ms - 12[39m
[35m[HTTP][39m [90m[39m
[35m[HTTP][39m [37m-->[39m [37mPOST[39m [37m/wd/hub/session/cc64ff7c-df5d-4ce2-830f-ddd700fe0cdf/elements[39m
[35m[HTTP][39m [90m{"using":"xpath","value":"//*[@class = 'android.widget.Button' and (@text = 'Connect with E-mail' or . = 'Connect with E-mail') and @resource-id = 'com.gigantic.clawee:id/emailButton']"}[39m
[35m[HTTP][39m [37m<-- POST /wd/hub/session/cc64ff7c-df5d-4ce2-830f-ddd700fe0cdf/elements [39m[32m200[39m [90m78 ms - 12[39m
[35m[HTTP][39m [90m[39m
[35m[HTTP][39m [37m-->[39m [37mPOST[39m [37m/wd/hub/session/cc64ff7c-df5d-4ce2-830f-ddd700fe0cdf/elements[39m
[35m[HTTP][39m [90m{"using":"xpath","value":"//*[@class = 'android.widget.Button' and (@text = 'Connect with E-mail' or . = 'Connect with E-mail') and @resource-id = 'com.gigantic.clawee:id/emailButton']"}[39m
[35m[HTTP][39m [37m<-- POST /wd/hub/session/cc64ff7c-df5d-4ce2-830f-ddd700fe0cdf/elements [39m[32m200[39m [90m112 ms - 12[39m
[35m[HTTP][39m [90m[39m
[35m[HTTP][39m [37m-->[39m [37mPOST[39m [37m/wd/hub/session/cc64ff7c-df5d-4ce2-830f-ddd700fe0cdf/elements[39m
[35m[HTTP][39m [90m{"using":"xpath","value":"//*[@class = 'android.widget.Button' and (@text = 'Connect with E-mail' or . = 'Connect with E-mail') and @resource-id = 'com.gigantic.clawee:id/emailButton']"}[39m
[35m[HTTP][39m [37m<-- POST /wd/hub/session/cc64ff7c-df5d-4ce2-830f-ddd700fe0cdf/elements [39m[32m200[39m [90m79 ms - 12[39m
[35m[HTTP][39m [90m[39m
[35m[HTTP][39m [37m-->[39m [37mPOST[39m [37m/wd/hub/session/cc64ff7c-df5d-4ce2-830f-ddd700fe0cdf/elements[39m
[35m[HTTP][39m [90m{"using":"xpath","value":"//*[@class = 'android.widget.Button' and (@text = 'Connect with E-mail' or . = 'Connect with E-mail') and @resource-id = 'com.gigantic.clawee:id/emailButton']"}[39m
[35m[HTTP][39m [37m<-- POST /wd/hub/session/cc64ff7c-df5d-4ce2-830f-ddd700fe0cdf/elements [39m[32m200[39m [90m99 ms - 12[39m
[35m[HTTP][39m [90m[39m
[35m[HTTP][39m [37m-->[39m [37mPOST[39m [37m/wd/hub/session/cc64ff7c-df5d-4ce2-830f-ddd700fe0cdf/elements[39m
[35m[HTTP][39m [90m{"using":"xpath","value":"//*[@class = 'android.widget.Button' and (@text = 'Connect with E-mail' or . = 'Connect with E-mail') and @resource-id = 'com.gigantic.clawee:id/emailButton']"}[39m
[35m[HTTP][39m [37m<-- POST /wd/hub/session/cc64ff7c-df5d-4ce2-830f-ddd700fe0cdf/elements [39m[32m200[39m [90m60 ms - 12[39m
[35m[HTTP][39m [90m[39m
[35m[HTTP][39m [37m-->[39m [37mPOST[39m [37m/wd/hub/session/cc64ff7c-df5d-4ce2-830f-ddd700fe0cdf/elements[39m
[35m[HTTP][39m [90m{"using":"xpath","value":"//*[@class = 'android.widget.Button' and (@text = 'Connect with E-mail' or . = 'Connect with E-mail') and @resource-id = 'com.gigantic.clawee:id/emailButton']"}[39m
[35m[HTTP][39m [37m<-- POST /wd/hub/session/cc64ff7c-df5d-4ce2-830f-ddd700fe0cdf/elements [39m[32m200[39m [90m64 ms - 12[39m
[35m[HTTP][39m [90m[39m
[35m[HTTP][39m [37m-->[39m [37mPOST[39m [37m/wd/hub/session/cc64ff7c-df5d-4ce2-830f-ddd700fe0cdf/elements[39m
[35m[HTTP][39m [90m{"using":"xpath","value":"//*[@class = 'android.widget.Button' and (@text = 'Connect with E-mail' or . = 'Connect with E-mail') and @resource-id = 'com.gigantic.clawee:id/emailButton']"}[39m
[35m[HTTP][39m [37m<-- POST /wd/hub/session/cc64ff7c-df5d-4ce2-830f-ddd700fe0cdf/elements [39m[32m200[39m [90m62 ms - 12[39m
[35m[HTTP][39m [90m[39m
[35m[HTTP][39m [37m-->[39m [37mPOST[39m [37m/wd/hub/session/cc64ff7c-df5d-4ce2-830f-ddd700fe0cdf/elements[39m
[35m[HTTP][39m [90m{"using":"xpath","value":"//*[@class = 'android.widget.Button' and (@text = 'Connect with E-mail' or . = 'Connect with E-mail') and @resource-id = 'com.gigantic.clawee:id/emailButton']"}[39m
[35m[HTTP][39m [37m<-- POST /wd/hub/session/cc64ff7c-df5d-4ce2-830f-ddd700fe0cdf/elements [39m[32m200[39m [90m85 ms - 12[39m
[35m[HTTP][39m [90m[39m
[35m[HTTP][39m [37m-->[39m [37mPOST[39m [37m/wd/hub/session/cc64ff7c-df5d-4ce2-830f-ddd700fe0cdf/elements[39m
[35m[HTTP][39m [90m{"using":"xpath","value":"//*[@class = 'android.widget.Button' and (@text = 'Connect with E-mail' or . = 'Connect with E-mail') and @resource-id = 'com.gigantic.clawee:id/emailButton']"}[39m
[35m[HTTP][39m [37m<-- POST /wd/hub/session/cc64ff7c-df5d-4ce2-830f-ddd700fe0cdf/elements [39m[32m200[39m [90m81 ms - 12[39m
[35m[HTTP][39m [90m[39m
[35m[HTTP][39m [37m-->[39m [37mPOST[39m [37m/wd/hub/session/cc64ff7c-df5d-4ce2-830f-ddd700fe0cdf/elements[39m
[35m[HTTP][39m [90m{"using":"xpath","value":"//*[@class = 'android.widget.Button' and (@text = 'Connect with E-mail' or . = 'Connect with E-mail') and @resource-id = 'com.gigantic.clawee:id/emailButton']"}[39m
[35m[HTTP][39m [37m<-- POST /wd/hub/session/cc64ff7c-df5d-4ce2-830f-ddd700fe0cdf/elements [39m[32m200[39m [90m81 ms - 12[39m
[35m[HTTP][39m [90m[39m
[35m[HTTP][39m [37m-->[39m [37mPOST[39m [37m/wd/hub/session/cc64ff7c-df5d-4ce2-830f-ddd700fe0cdf/elements[39m
[35m[HTTP][39m [90m{"using":"xpath","value":"//*[@class = 'android.widget.Button' and (@text = 'Connect with E-mail' or . = 'Connect with E-mail') and @resource-id = 'com.gigantic.clawee:id/emailButton']"}[39m
[35m[HTTP][39m [37m<-- POST /wd/hub/session/cc64ff7c-df5d-4ce2-830f-ddd700fe0cdf/elements [39m[32m200[39m [90m116 ms - 12[39m
[35m[HTTP][39m [90m[39m
[35m[HTTP][39m [37m-->[39m [37mPOST[39m [37m/wd/hub/session/cc64ff7c-df5d-4ce2-830f-ddd700fe0cdf/elements[39m
[35m[HTTP][39m [90m{"using":"xpath","value":"//*[@class = 'android.widget.Button' and (@text = 'Connect with E-mail' or . = 'Connect with E-mail') and @resource-id = 'com.gigantic.clawee:id/emailButton']"}[39m
[35m[HTTP][39m [37m<-- POST /wd/hub/session/cc64ff7c-df5d-4ce2-830f-ddd700fe0cdf/elements [39m[32m200[39m [90m83 ms - 12[39m
[35m[HTTP][39m [90m[39m
[35m[HTTP][39m [37m-->[39m [37mPOST[39m [37m/wd/hub/session/cc64ff7c-df5d-4ce2-830f-ddd700fe0cdf/elements[39m
[35m[HTTP][39m [90m{"using":"xpath","value":"//*[@class = 'android.widget.Button' and (@text = 'Connect with E-mail' or . = 'Connect with E-mail') and @resource-id = 'com.gigantic.clawee:id/emailButton']"}[39m
[35m[HTTP][39m [37m<-- POST /wd/hub/session/cc64ff7c-df5d-4ce2-830f-ddd700fe0cdf/elements [39m[32m200[39m [90m92 ms - 12[39m
[35m[HTTP][39m [90m[39m
[35m[HTTP][39m [37m-->[39m [37mPOST[39m [37m/wd/hub/session/cc64ff7c-df5d-4ce2-830f-ddd700fe0cdf/elements[39m
[35m[HTTP][39m [90m{"using":"xpath","value":"//*[@class = 'android.widget.Button' and (@text = 'Connect with E-mail' or . = 'Connect with E-mail') and @resource-id = 'com.gigantic.clawee:id/emailButton']"}[39m
[35m[HTTP][39m [37m<-- POST /wd/hub/session/cc64ff7c-df5d-4ce2-830f-ddd700fe0cdf/elements [39m[32m200[39m [90m86 ms - 12[39m
[35m[HTTP][39m [90m[39m
[35m[HTTP][39m [37m-->[39m [37mPOST[39m [37m/wd/hub/session/cc64ff7c-df5d-4ce2-830f-ddd700fe0cdf/elements[39m
[35m[HTTP][39m [90m{"using":"xpath","value":"//*[@class = 'android.widget.Button' and (@text = 'Connect with E-mail' or . = 'Connect with E-mail') and @resource-id = 'com.gigantic.clawee:id/emailButton']"}[39m
[35m[HTTP][39m [37m<-- POST /wd/hub/session/cc64ff7c-df5d-4ce2-830f-ddd700fe0cdf/elements [39m[32m200[39m [90m77 ms - 12[39m
[35m[HTTP][39m [90m[39m
[35m[HTTP][39m [37m-->[39m [37mPOST[39m [37m/wd/hub/session/cc64ff7c-df5d-4ce2-830f-ddd700fe0cdf/elements[39m
[35m[HTTP][39m [90m{"using":"xpath","value":"//*[@class = 'android.widget.Button' and (@text = 'Connect with E-mail' or . = 'Connect with E-mail') and @resource-id = 'com.gigantic.clawee:id/emailButton']"}[39m
[35m[HTTP][39m [37m<-- POST /wd/hub/session/cc64ff7c-df5d-4ce2-830f-ddd700fe0cdf/elements [39m[32m200[39m [90m81 ms - 12[39m
[35m[HTTP][39m [90m[39m
[35m[HTTP][39m [37m-->[39m [37mPOST[39m [37m/wd/hub/session/cc64ff7c-df5d-4ce2-830f-ddd700fe0cdf/elements[39m
[35m[HTTP][39m [90m{"using":"xpath","value":"//*[@class = 'android.widget.Button' and (@text = 'Connect with E-mail' or . = 'Connect with E-mail') and @resource-id = 'com.gigantic.clawee:id/emailButton']"}[39m
[35m[HTTP][39m [37m<-- POST /wd/hub/session/cc64ff7c-df5d-4ce2-830f-ddd700fe0cdf/elements [39m[32m200[39m [90m783 ms - 12[39m
[35m[HTTP][39m [90m[39m
[35m[HTTP][39m [37m-->[39m [37mPOST[39m [37m/wd/hub/session/cc64ff7c-df5d-4ce2-830f-ddd700fe0cdf/elements[39m
[35m[HTTP][39m [90m{"using":"xpath","value":"//*[@class = 'android.widget.Button' and (@text = 'Connect with E-mail' or . = 'Connect with E-mail') and @resource-id = 'com.gigantic.clawee:id/emailButton']"}[39m
[35m[HTTP][39m [37m<-- POST /wd/hub/session/cc64ff7c-df5d-4ce2-830f-ddd700fe0cdf/elements [39m[32m200[39m [90m563 ms - 139[39m
[35m[HTTP][39m [90m[39m
[35m[HTTP][39m [37m-->[39m [37mGET[39m [37m/wd/hub/session/cc64ff7c-df5d-4ce2-830f-ddd700fe0cdf/element/00000000-0000-00e9-ffff-ffff00000022/location[39m
[35m[HTTP][39m [90m{}[39m
[35m[W3C (cc64ff7c)][39m Driver proxy active, passing request on via HTTP proxy
[35m[WD Proxy][39m Replacing sessionId b93b4e30-6e60-4043-bd12-0e07724f61ad with cc64ff7c-df5d-4ce2-830f-ddd700fe0cdf
[35m[HTTP][39m [37m<-- GET /wd/hub/session/cc64ff7c-df5d-4ce2-830f-ddd700fe0cdf/element/00000000-0000-00e9-ffff-ffff00000022/location [39m[32m200[39m [90m296 ms - 78[39m
[35m[HTTP][39m [90m[39m
[35m[HTTP][39m [37m-->[39m [37mPOST[39m [37m/wd/hub/session/cc64ff7c-df5d-4ce2-830f-ddd700fe0cdf/timeouts[39m
[35m[HTTP][39m [90m{"implicit":30000}[39m
[35m[HTTP][39m [37m<-- POST /wd/hub/session/cc64ff7c-df5d-4ce2-830f-ddd700fe0cdf/timeouts [39m[32m200[39m [90m1 ms - 14[39m
[35m[HTTP][39m [90m[39m
[35m[HTTP][39m [37m-->[39m [37mPOST[39m [37m/wd/hub/session/cc64ff7c-df5d-4ce2-830f-ddd700fe0cdf/touch/perform[39m
[35m[HTTP][39m [90m{"actions":[{"action":"tap","options":{"x":1,"y":1,"element":"00000000-0000-00e9-ffff-ffff00000022"}},{"action":"release","options":{}}]}[39m
[35m[UiAutomator2][39m calling get location: 00000000-0000-00e9-ffff-ffff00000022
[35m[HTTP][39m [37m<-- POST /wd/hub/session/cc64ff7c-df5d-4ce2-830f-ddd700fe0cdf/touch/perform [39m[32m200[39m [90m183 ms - 14[39m
[35m[HTTP][39m [90m[39m
[35m[HTTP][39m [37m-->[39m [37mPOST[39m [37m/wd/hub/session/cc64ff7c-df5d-4ce2-830f-ddd700fe0cdf/timeouts[39m
[35m[HTTP][39m [90m{"implicit":50}[39m
[35m[HTTP][39m [37m<-- POST /wd/hub/session/cc64ff7c-df5d-4ce2-830f-ddd700fe0cdf/timeouts [39m[32m200[39m [90m1 ms - 14[39m
[35m[HTTP][39m [90m[39m
[35m[HTTP][39m [37m-->[39m [37mGET[39m [37m/wd/hub/session/cc64ff7c-df5d-4ce2-830f-ddd700fe0cdf/window/rect[39m
[35m[HTTP][39m [90m{}[39m
[35m[HTTP][39m [37m<-- GET /wd/hub/session/cc64ff7c-df5d-4ce2-830f-ddd700fe0cdf/window/rect [39m[32m200[39m [90m19 ms - 50[39m
[35m[HTTP][39m [90m[39m
[35m[HTTP][39m [37m-->[39m [37mPOST[39m [37m/wd/hub/session/cc64ff7c-df5d-4ce2-830f-ddd700fe0cdf/elements[39m
[35m[HTTP][39m [90m{"using":"xpath","value":"//*[@class = 'android.widget.TextView' and (@text = 'Already signed up? Sign in!' or . = 'Already signed up? Sign in!') and @resource-id = 'com.gigantic.clawee:id/signInText']"}[39m
[35m[HTTP][39m [37m<-- POST /wd/hub/session/cc64ff7c-df5d-4ce2-830f-ddd700fe0cdf/elements [39m[32m200[39m [90m253 ms - 139[39m
[35m[HTTP][39m [90m[39m
[35m[HTTP][39m [37m-->[39m [37mGET[39m [37m/wd/hub/session/cc64ff7c-df5d-4ce2-830f-ddd700fe0cdf/element/00000000-0000-00e9-ffff-ffff0000014f/location[39m
[35m[HTTP][39m [90m{}[39m
[35m[W3C (cc64ff7c)][39m Driver proxy active, passing request on via HTTP proxy
[35m[WD Proxy][39m Replacing sessionId b93b4e30-6e60-4043-bd12-0e07724f61ad with cc64ff7c-df5d-4ce2-830f-ddd700fe0cdf
[35m[HTTP][39m [37m<-- GET /wd/hub/session/cc64ff7c-df5d-4ce2-830f-ddd700fe0cdf/element/00000000-0000-00e9-ffff-ffff0000014f/location [39m[32m200[39m [90m549 ms - 79[39m
[35m[HTTP][39m [90m[39m
[35m[HTTP][39m [37m-->[39m [37mPOST[39m [37m/wd/hub/session/cc64ff7c-df5d-4ce2-830f-ddd700fe0cdf/timeouts[39m
[35m[HTTP][39m [90m{"implicit":30000}[39m
[35m[HTTP][39m [37m<-- POST /wd/hub/session/cc64ff7c-df5d-4ce2-830f-ddd700fe0cdf/timeouts [39m[32m200[39m [90m2 ms - 14[39m
[35m[HTTP][39m [90m[39m
[35m[HTTP][39m [37m-->[39m [37mPOST[39m [37m/wd/hub/session/cc64ff7c-df5d-4ce2-830f-ddd700fe0cdf/touch/perform[39m
[35m[HTTP][39m [90m{"actions":[{"action":"tap","options":{"x":1,"y":1,"element":"00000000-0000-00e9-ffff-ffff0000014f"}},{"action":"release","options":{}}]}[39m
[35m[UiAutomator2][39m calling get location: 00000000-0000-00e9-ffff-ffff0000014f
[35m[HTTP][39m [37m<-- POST /wd/hub/session/cc64ff7c-df5d-4ce2-830f-ddd700fe0cdf/touch/perform [39m[32m200[39m [90m231 ms - 14[39m
[35m[HTTP][39m [90m[39m
[35m[HTTP][39m [37m-->[39m [37mPOST[39m [37m/wd/hub/session/cc64ff7c-df5d-4ce2-830f-ddd700fe0cdf/timeouts[39m
[35m[HTTP][39m [90m{"implicit":50}[39m
[35m[HTTP][39m [37m<-- POST /wd/hub/session/cc64ff7c-df5d-4ce2-830f-ddd700fe0cdf/timeouts [39m[32m200[39m [90m1 ms - 14[39m
[35m[HTTP][39m [90m[39m
[35m[HTTP][39m [37m-->[39m [37mGET[39m [37m/wd/hub/session/cc64ff7c-df5d-4ce2-830f-ddd700fe0cdf/window/rect[39m
[35m[HTTP][39m [90m{}[39m
[35m[HTTP][39m [37m<-- GET /wd/hub/session/cc64ff7c-df5d-4ce2-830f-ddd700fe0cdf/window/rect [39m[32m200[39m [90m15 ms - 50[39m
[35m[HTTP][39m [90m[39m
[35m[HTTP][39m [37m-->[39m [37mPOST[39m [37m/wd/hub/session/cc64ff7c-df5d-4ce2-830f-ddd700fe0cdf/elements[39m
[35m[HTTP][39m [90m{"using":"xpath","value":"//*[@class = 'android.widget.EditText' and (@text = 'E-mail' or . = 'E-mail') and @resource-id = 'com.gigantic.clawee:id/emailEditText']"}[39m
[35m[HTTP][39m [37m<-- POST /wd/hub/session/cc64ff7c-df5d-4ce2-830f-ddd700fe0cdf/elements [39m[32m200[39m [90m665 ms - 139[39m
[35m[HTTP][39m [90m[39m
[35m[HTTP][39m [37m-->[39m [37mGET[39m [37m/wd/hub/session/cc64ff7c-df5d-4ce2-830f-ddd700fe0cdf/element/00000000-0000-00e9-ffff-ffff0000012f/location[39m
[35m[HTTP][39m [90m{}[39m
[35m[W3C (cc64ff7c)][39m Driver proxy active, passing request on via HTTP proxy
[35m[WD Proxy][39m Replacing sessionId b93b4e30-6e60-4043-bd12-0e07724f61ad with cc64ff7c-df5d-4ce2-830f-ddd700fe0cdf
[35m[HTTP][39m [37m<-- GET /wd/hub/session/cc64ff7c-df5d-4ce2-830f-ddd700fe0cdf/element/00000000-0000-00e9-ffff-ffff0000012f/location [39m[32m200[39m [90m55 ms - 78[39m
[35m[HTTP][39m [90m[39m
[35m[HTTP][39m [37m-->[39m [37mPOST[39m [37m/wd/hub/session/cc64ff7c-df5d-4ce2-830f-ddd700fe0cdf/timeouts[39m
[35m[HTTP][39m [90m{"implicit":30000}[39m
[35m[HTTP][39m [37m<-- POST /wd/hub/session/cc64ff7c-df5d-4ce2-830f-ddd700fe0cdf/timeouts [39m[32m200[39m [90m2 ms - 14[39m
[35m[HTTP][39m [90m[39m
[35m[HTTP][39m [37m-->[39m [37mPOST[39m [37m/wd/hub/session/cc64ff7c-df5d-4ce2-830f-ddd700fe0cdf/element/00000000-0000-00e9-ffff-ffff0000012f/clear[39m
[35m[HTTP][39m [90m{"id":"00000000-0000-00e9-ffff-ffff0000012f"}[39m
[35m[HTTP][39m [37m<-- POST /wd/hub/session/cc64ff7c-df5d-4ce2-830f-ddd700fe0cdf/element/00000000-0000-00e9-ffff-ffff0000012f/clear [39m[32m200[39m [90m67 ms - 14[39m
[35m[HTTP][39m [90m[39m
[35m[HTTP][39m [37m-->[39m [37mPOST[39m [37m/wd/hub/session/cc64ff7c-df5d-4ce2-830f-ddd700fe0cdf/element/00000000-0000-00e9-ffff-ffff0000012f/value[39m
[35m[HTTP][39m [90m{"id":"00000000-0000-00e9-ffff-ffff0000012f","text":"alex.qa.eng+77@gmail.com","value":["a","l","e","x",".","q","a",".","e","n","g","+","7","7","@","g","m","a","i","l",".","c","o","m"]}[39m
[35m[HTTP][39m [37m<-- POST /wd/hub/session/cc64ff7c-df5d-4ce2-830f-ddd700fe0cdf/element/00000000-0000-00e9-ffff-ffff0000012f/value [39m[32m200[39m [90m1090 ms - 14[39m
[35m[HTTP][39m [90m[39m
[35m[HTTP][39m [37m-->[39m [37mPOST[39m [37m/wd/hub/session/cc64ff7c-df5d-4ce2-830f-ddd700fe0cdf/timeouts[39m
[35m[HTTP][39m [90m{"implicit":50}[39m
[35m[HTTP][39m [37m<-- POST /wd/hub/session/cc64ff7c-df5d-4ce2-830f-ddd700fe0cdf/timeouts [39m[32m200[39m [90m1 ms - 14[39m
[35m[HTTP][39m [90m[39m
[35m[HTTP][39m [37m-->[39m [37mGET[39m [37m/wd/hub/session/cc64ff7c-df5d-4ce2-830f-ddd700fe0cdf/window/rect[39m
[35m[HTTP][39m [90m{}[39m
[35m[HTTP][39m [37m<-- GET /wd/hub/session/cc64ff7c-df5d-4ce2-830f-ddd700fe0cdf/window/rect [39m[32m200[39m [90m22 ms - 50[39m
[35m[HTTP][39m [90m[39m
[35m[HTTP][39m [37m-->[39m [37mPOST[39m [37m/wd/hub/session/cc64ff7c-df5d-4ce2-830f-ddd700fe0cdf/elements[39m
[35m[HTTP][39m [90m{"using":"xpath","value":"//*[@class = 'android.widget.EditText' and (@text = 'Password' or . = 'Password') and @resource-id = 'com.gigantic.clawee:id/passwordEditText']"}[39m
[35m[HTTP][39m [37m<-- POST /wd/hub/session/cc64ff7c-df5d-4ce2-830f-ddd700fe0cdf/elements [39m[32m200[39m [90m595 ms - 139[39m
[35m[HTTP][39m [90m[39m
[35m[HTTP][39m [37m-->[39m [37mGET[39m [37m/wd/hub/session/cc64ff7c-df5d-4ce2-830f-ddd700fe0cdf/element/00000000-0000-00e9-ffff-ffff0000013b/location[39m
[35m[HTTP][39m [90m{}[39m
[35m[W3C (cc64ff7c)][39m Driver proxy active, passing request on via HTTP proxy
[35m[WD Proxy][39m Replacing sessionId b93b4e30-6e60-4043-bd12-0e07724f61ad with cc64ff7c-df5d-4ce2-830f-ddd700fe0cdf
[35m[HTTP][39m [37m<-- GET /wd/hub/session/cc64ff7c-df5d-4ce2-830f-ddd700fe0cdf/element/00000000-0000-00e9-ffff-ffff0000013b/location [39m[32m200[39m [90m58 ms - 78[39m
[35m[HTTP][39m [90m[39m
[35m[HTTP][39m [37m-->[39m [37mPOST[39m [37m/wd/hub/session/cc64ff7c-df5d-4ce2-830f-ddd700fe0cdf/timeouts[39m
[35m[HTTP][39m [90m{"implicit":30000}[39m
[35m[HTTP][39m [37m<-- POST /wd/hub/session/cc64ff7c-df5d-4ce2-830f-ddd700fe0cdf/timeouts [39m[32m200[39m [90m2 ms - 14[39m
[35m[HTTP][39m [90m[39m
[35m[HTTP][39m [37m-->[39m [37mPOST[39m [37m/wd/hub/session/cc64ff7c-df5d-4ce2-830f-ddd700fe0cdf/element/00000000-0000-00e9-ffff-ffff0000013b/clear[39m
[35m[HTTP][39m [90m{"id":"00000000-0000-00e9-ffff-ffff0000013b"}[39m
[35m[HTTP][39m [37m<-- POST /wd/hub/session/cc64ff7c-df5d-4ce2-830f-ddd700fe0cdf/element/00000000-0000-00e9-ffff-ffff0000013b/clear [39m[32m200[39m [90m65 ms - 14[39m
[35m[HTTP][39m [90m[39m
[35m[HTTP][39m [37m-->[39m [37mPOST[39m [37m/wd/hub/session/cc64ff7c-df5d-4ce2-830f-ddd700fe0cdf/element/00000000-0000-00e9-ffff-ffff0000013b/value[39m
[35m[HTTP][39m [90m{"id":"00000000-0000-00e9-ffff-ffff0000013b","text":"Alex0611","value":["A","l","e","x","0","6","1","1"]}[39m
[35m[HTTP][39m [37m<-- POST /wd/hub/session/cc64ff7c-df5d-4ce2-830f-ddd700fe0cdf/element/00000000-0000-00e9-ffff-ffff0000013b/value [39m[32m200[39m [90m1080 ms - 14[39m
[35m[HTTP][39m [90m[39m
[35m[HTTP][39m [37m-->[39m [37mPOST[39m [37m/wd/hub/session/cc64ff7c-df5d-4ce2-830f-ddd700fe0cdf/timeouts[39m
[35m[HTTP][39m [90m{"implicit":50}[39m
[35m[HTTP][39m [37m<-- POST /wd/hub/session/cc64ff7c-df5d-4ce2-830f-ddd700fe0cdf/timeouts [39m[32m200[39m [90m1 ms - 14[39m
[35m[HTTP][39m [90m[39m
[35m[HTTP][39m [37m-->[39m [37mGET[39m [37m/wd/hub/session/cc64ff7c-df5d-4ce2-830f-ddd700fe0cdf/window/rect[39m
[35m[HTTP][39m [90m{}[39m
[35m[HTTP][39m [37m<-- GET /wd/hub/session/cc64ff7c-df5d-4ce2-830f-ddd700fe0cdf/window/rect [39m[32m200[39m [90m17 ms - 50[39m
[35m[HTTP][39m [90m[39m
[35m[HTTP][39m [37m-->[39m [37mPOST[39m [37m/wd/hub/session/cc64ff7c-df5d-4ce2-830f-ddd700fe0cdf/elements[39m
[35m[HTTP][39m [90m{"using":"xpath","value":"//*[@class = 'android.widget.TextView' and (@text = 'Sign in!' or . = 'Sign in!') and @resource-id = 'com.gigantic.clawee:id/layout_button_pressable_text']"}[39m
[35m[HTTP][39m [37m<-- POST /wd/hub/session/cc64ff7c-df5d-4ce2-830f-ddd700fe0cdf/elements [39m[32m200[39m [90m587 ms - 139[39m
[35m[HTTP][39m [90m[39m
[35m[HTTP][39m [37m-->[39m [37mGET[39m [37m/wd/hub/session/cc64ff7c-df5d-4ce2-830f-ddd700fe0cdf/element/00000000-0000-00e9-ffff-ffff0000014b/location[39m
[35m[HTTP][39m [90m{}[39m
[35m[W3C (cc64ff7c)][39m Driver proxy active, passing request on via HTTP proxy
[35m[WD Proxy][39m Replacing sessionId b93b4e30-6e60-4043-bd12-0e07724f61ad with cc64ff7c-df5d-4ce2-830f-ddd700fe0cdf
[35m[HTTP][39m [37m<-- GET /wd/hub/session/cc64ff7c-df5d-4ce2-830f-ddd700fe0cdf/element/00000000-0000-00e9-ffff-ffff0000014b/location [39m[32m200[39m [90m42 ms - 79[39m
[35m[HTTP][39m [90m[39m
[35m[HTTP][39m [37m-->[39m [37mPOST[39m [37m/wd/hub/session/cc64ff7c-df5d-4ce2-830f-ddd700fe0cdf/timeouts[39m
[35m[HTTP][39m [90m{"implicit":30000}[39m
[35m[HTTP][39m [37m<-- POST /wd/hub/session/cc64ff7c-df5d-4ce2-830f-ddd700fe0cdf/timeouts [39m[32m200[39m [90m2 ms - 14[39m
[35m[HTTP][39m [90m[39m
[35m[HTTP][39m [37m-->[39m [37mPOST[39m [37m/wd/hub/session/cc64ff7c-df5d-4ce2-830f-ddd700fe0cdf/touch/perform[39m
[35m[HTTP][39m [90m{"actions":[{"action":"tap","options":{"x":1,"y":1,"element":"00000000-0000-00e9-ffff-ffff0000014b"}},{"action":"release","options":{}}]}[39m
[35m[UiAutomator2][39m calling get location: 00000000-0000-00e9-ffff-ffff0000014b
[35m[HTTP][39m [37m<-- POST /wd/hub/session/cc64ff7c-df5d-4ce2-830f-ddd700fe0cdf/touch/perform [39m[32m200[39m [90m803 ms - 14[39m
[35m[HTTP][39m [90m[39m
[35m[HTTP][39m [37m-->[39m [37mPOST[39m [37m/wd/hub/session/cc64ff7c-df5d-4ce2-830f-ddd700fe0cdf/timeouts[39m
[35m[HTTP][39m [90m{"implicit":50}[39m
[35m[HTTP][39m [37m<-- POST /wd/hub/session/cc64ff7c-df5d-4ce2-830f-ddd700fe0cdf/timeouts [39m[32m200[39m [90m1 ms - 14[39m
[35m[HTTP][39m [90m[39m
[35m[HTTP][39m [37m-->[39m [37mGET[39m [37m/wd/hub/session/cc64ff7c-df5d-4ce2-830f-ddd700fe0cdf/window/rect[39m
[35m[HTTP][39m [90m{}[39m
[35m[HTTP][39m [37m<-- GET /wd/hub/session/cc64ff7c-df5d-4ce2-830f-ddd700fe0cdf/window/rect [39m[32m200[39m [90m15 ms - 50[39m
[35m[HTTP][39m [90m[39m
[35m[HTTP][39m [37m-->[39m [37mPOST[39m [37m/wd/hub/session/cc64ff7c-df5d-4ce2-830f-ddd700fe0cdf/elements[39m
[35m[HTTP][39m [90m{"using":"xpath","value":"//hierarchy/android.widget.FrameLayout[1]/android.widget.LinearLayout[1]/android.widget.FrameLayout[1]/android.widget.FrameLayout[1]/android.widget.FrameLayout[1]/android.widget.FrameLayout[1]/android.widget.ImageView[1]"}[39m
[35m[HTTP][39m [37m<-- POST /wd/hub/session/cc64ff7c-df5d-4ce2-830f-ddd700fe0cdf/elements [39m[32m200[39m [90m69 ms - 12[39m
[35m[HTTP][39m [90m[39m
[35m[HTTP][39m [37m-->[39m [37mPOST[39m [37m/wd/hub/session/cc64ff7c-df5d-4ce2-830f-ddd700fe0cdf/elements[39m
[35m[HTTP][39m [90m{"using":"xpath","value":"//hierarchy/android.widget.FrameLayout[1]/android.widget.LinearLayout[1]/android.widget.FrameLayout[1]/android.widget.FrameLayout[1]/android.widget.FrameLayout[1]/android.widget.FrameLayout[1]/android.widget.ImageView[1]"}[39m
[35m[HTTP][39m [37m<-- POST /wd/hub/session/cc64ff7c-df5d-4ce2-830f-ddd700fe0cdf/elements [39m[32m200[39m [90m104 ms - 12[39m
[35m[HTTP][39m [90m[39m
[35m[HTTP][39m [37m-->[39m [37mPOST[39m [37m/wd/hub/session/cc64ff7c-df5d-4ce2-830f-ddd700fe0cdf/elements[39m
[35m[HTTP][39m [90m{"using":"xpath","value":"//hierarchy/android.widget.FrameLayout[1]/android.widget.LinearLayout[1]/android.widget.FrameLayout[1]/android.widget.FrameLayout[1]/android.widget.FrameLayout[1]/android.widget.FrameLayout[1]/android.widget.ImageView[1]"}[39m
[35m[HTTP][39m [37m<-- POST /wd/hub/session/cc64ff7c-df5d-4ce2-830f-ddd700fe0cdf/elements [39m[32m200[39m [90m61 ms - 12[39m
[35m[HTTP][39m [90m[39m
[35m[HTTP][39m [37m-->[39m [37mPOST[39m [37m/wd/hub/session/cc64ff7c-df5d-4ce2-830f-ddd700fe0cdf/elements[39m
[35m[HTTP][39m [90m{"using":"xpath","value":"//hierarchy/android.widget.FrameLayout[1]/android.widget.LinearLayout[1]/android.widget.FrameLayout[1]/android.widget.FrameLayout[1]/android.widget.FrameLayout[1]/android.widget.FrameLayout[1]/android.widget.ImageView[1]"}[39m
[35m[HTTP][39m [37m<-- POST /wd/hub/session/cc64ff7c-df5d-4ce2-830f-ddd700fe0cdf/elements [39m[32m200[39m [90m85 ms - 12[39m
[35m[HTTP][39m [90m[39m
[35m[HTTP][39m [37m-->[39m [37mPOST[39m [37m/wd/hub/session/cc64ff7c-df5d-4ce2-830f-ddd700fe0cdf/elements[39m
[35m[HTTP][39m [90m{"using":"xpath","value":"//hierarchy/android.widget.FrameLayout[1]/android.widget.LinearLayout[1]/android.widget.FrameLayout[1]/android.widget.FrameLayout[1]/android.widget.FrameLayout[1]/android.widget.FrameLayout[1]/android.widget.ImageView[1]"}[39m
[35m[HTTP][39m [37m<-- POST /wd/hub/session/cc64ff7c-df5d-4ce2-830f-ddd700fe0cdf/elements [39m[32m200[39m [90m117 ms - 12[39m
[35m[HTTP][39m [90m[39m
[35m[HTTP][39m [37m-->[39m [37mPOST[39m [37m/wd/hub/session/cc64ff7c-df5d-4ce2-830f-ddd700fe0cdf/elements[39m
[35m[HTTP][39m [90m{"using":"xpath","value":"//hierarchy/android.widget.FrameLayout[1]/android.widget.LinearLayout[1]/android.widget.FrameLayout[1]/android.widget.FrameLayout[1]/android.widget.FrameLayout[1]/android.widget.FrameLayout[1]/android.widget.ImageView[1]"}[39m
[35m[HTTP][39m [37m<-- POST /wd/hub/session/cc64ff7c-df5d-4ce2-830f-ddd700fe0cdf/elements [39m[32m200[39m [90m90 ms - 12[39m
[35m[HTTP][39m [90m[39m
[35m[HTTP][39m [37m-->[39m [37mPOST[39m [37m/wd/hub/session/cc64ff7c-df5d-4ce2-830f-ddd700fe0cdf/elements[39m
[35m[HTTP][39m [90m{"using":"xpath","value":"//hierarchy/android.widget.FrameLayout[1]/android.widget.LinearLayout[1]/android.widget.FrameLayout[1]/android.widget.FrameLayout[1]/android.widget.FrameLayout[1]/android.widget.FrameLayout[1]/android.widget.ImageView[1]"}[39m
[35m[HTTP][39m [37m<-- POST /wd/hub/session/cc64ff7c-df5d-4ce2-830f-ddd700fe0cdf/elements [39m[32m200[39m [90m96 ms - 12[39m
[35m[HTTP][39m [90m[39m
[35m[HTTP][39m [37m-->[39m [37mPOST[39m [37m/wd/hub/session/cc64ff7c-df5d-4ce2-830f-ddd700fe0cdf/elements[39m
[35m[HTTP][39m [90m{"using":"xpath","value":"//hierarchy/android.widget.FrameLayout[1]/android.widget.LinearLayout[1]/android.widget.FrameLayout[1]/android.widget.FrameLayout[1]/android.widget.FrameLayout[1]/android.widget.FrameLayout[1]/android.widget.ImageView[1]"}[39m
[35m[HTTP][39m [37m<-- POST /wd/hub/session/cc64ff7c-df5d-4ce2-830f-ddd700fe0cdf/elements [39m[32m200[39m [90m878 ms - 12[39m
[35m[HTTP][39m [90m[39m
[35m[HTTP][39m [37m-->[39m [37mPOST[39m [37m/wd/hub/session/cc64ff7c-df5d-4ce2-830f-ddd700fe0cdf/elements[39m
[35m[HTTP][39m [90m{"using":"xpath","value":"//hierarchy/android.widget.FrameLayout[1]/android.widget.LinearLayout[1]/android.widget.FrameLayout[1]/android.widget.FrameLayout[1]/android.widget.FrameLayout[1]/android.widget.FrameLayout[1]/android.widget.ImageView[1]"}[39m
[35m[HTTP][39m [37m<-- POST /wd/hub/session/cc64ff7c-df5d-4ce2-830f-ddd700fe0cdf/elements [39m[32m200[39m [90m86 ms - 12[39m
[35m[HTTP][39m [90m[39m
[35m[HTTP][39m [37m-->[39m [37mPOST[39m [37m/wd/hub/session/cc64ff7c-df5d-4ce2-830f-ddd700fe0cdf/elements[39m
[35m[HTTP][39m [90m{"using":"xpath","value":"//hierarchy/android.widget.FrameLayout[1]/android.widget.LinearLayout[1]/android.widget.FrameLayout[1]/android.widget.FrameLayout[1]/android.widget.FrameLayout[1]/android.widget.FrameLayout[1]/android.widget.ImageView[1]"}[39m
[35m[HTTP][39m [37m<-- POST /wd/hub/session/cc64ff7c-df5d-4ce2-830f-ddd700fe0cdf/elements [39m[32m200[39m [90m89 ms - 12[39m
[35m[HTTP][39m [90m[39m
[35m[HTTP][39m [37m-->[39m [37mPOST[39m [37m/wd/hub/session/cc64ff7c-df5d-4ce2-830f-ddd700fe0cdf/elements[39m
[35m[HTTP][39m [90m{"using":"xpath","value":"//hierarchy/android.widget.FrameLayout[1]/android.widget.LinearLayout[1]/android.widget.FrameLayout[1]/android.widget.FrameLayout[1]/android.widget.FrameLayout[1]/android.widget.FrameLayout[1]/android.widget.ImageView[1]"}[39m
[35m[HTTP][39m [37m<-- POST /wd/hub/session/cc64ff7c-df5d-4ce2-830f-ddd700fe0cdf/elements [39m[32m200[39m [90m91 ms - 12[39m
[35m[HTTP][39m [90m[39m
[35m[HTTP][39m [37m-->[39m [37mPOST[39m [37m/wd/hub/session/cc64ff7c-df5d-4ce2-830f-ddd700fe0cdf/elements[39m
[35m[HTTP][39m [90m{"using":"xpath","value":"//hierarchy/android.widget.FrameLayout[1]/android.widget.LinearLayout[1]/android.widget.FrameLayout[1]/android.widget.FrameLayout[1]/android.widget.FrameLayout[1]/android.widget.FrameLayout[1]/android.widget.ImageView[1]"}[39m
[35m[HTTP][39m [37m<-- POST /wd/hub/session/cc64ff7c-df5d-4ce2-830f-ddd700fe0cdf/elements [39m[32m200[39m [90m96 ms - 12[39m
[35m[HTTP][39m [90m[39m
[35m[HTTP][39m [37m-->[39m [37mPOST[39m [37m/wd/hub/session/cc64ff7c-df5d-4ce2-830f-ddd700fe0cdf/elements[39m
[35m[HTTP][39m [90m{"using":"xpath","value":"//hierarchy/android.widget.FrameLayout[1]/android.widget.LinearLayout[1]/android.widget.FrameLayout[1]/android.widget.FrameLayout[1]/android.widget.FrameLayout[1]/android.widget.FrameLayout[1]/android.widget.ImageView[1]"}[39m
[35m[HTTP][39m [37m<-- POST /wd/hub/session/cc64ff7c-df5d-4ce2-830f-ddd700fe0cdf/elements [39m[32m200[39m [90m85 ms - 12[39m
[35m[HTTP][39m [90m[39m
[35m[HTTP][39m [37m-->[39m [37mPOST[39m [37m/wd/hub/session/cc64ff7c-df5d-4ce2-830f-ddd700fe0cdf/elements[39m
[35m[HTTP][39m [90m{"using":"xpath","value":"//hierarchy/android.widget.FrameLayout[1]/android.widget.LinearLayout[1]/android.widget.FrameLayout[1]/android.widget.FrameLayout[1]/android.widget.FrameLayout[1]/android.widget.FrameLayout[1]/android.widget.ImageView[1]"}[39m
[35m[HTTP][39m [37m<-- POST /wd/hub/session/cc64ff7c-df5d-4ce2-830f-ddd700fe0cdf/elements [39m[32m200[39m [90m93 ms - 12[39m
[35m[HTTP][39m [90m[39m
[35m[HTTP][39m [37m-->[39m [37mPOST[39m [37m/wd/hub/session/cc64ff7c-df5d-4ce2-830f-ddd700fe0cdf/elements[39m
[35m[HTTP][39m [90m{"using":"xpath","value":"//hierarchy/android.widget.FrameLayout[1]/android.widget.LinearLayout[1]/android.widget.FrameLayout[1]/android.widget.FrameLayout[1]/android.widget.FrameLayout[1]/android.widget.FrameLayout[1]/android.widget.ImageView[1]"}[39m
[35m[HTTP][39m [37m<-- POST /wd/hub/session/cc64ff7c-df5d-4ce2-830f-ddd700fe0cdf/elements [39m[32m200[39m [90m91 ms - 12[39m
[35m[HTTP][39m [90m[39m
[35m[HTTP][39m [37m-->[39m [37mPOST[39m [37m/wd/hub/session/cc64ff7c-df5d-4ce2-830f-ddd700fe0cdf/elements[39m
[35m[HTTP][39m [90m{"using":"xpath","value":"//hierarchy/android.widget.FrameLayout[1]/android.widget.LinearLayout[1]/android.widget.FrameLayout[1]/android.widget.FrameLayout[1]/android.widget.FrameLayout[1]/android.widget.FrameLayout[1]/android.widget.ImageView[1]"}[39m
[35m[HTTP][39m [37m<-- POST /wd/hub/session/cc64ff7c-df5d-4ce2-830f-ddd700fe0cdf/elements [39m[32m200[39m [90m99 ms - 12[39m
[35m[HTTP][39m [90m[39m
[35m[HTTP][39m [37m-->[39m [37mPOST[39m [37m/wd/hub/session/cc64ff7c-df5d-4ce2-830f-ddd700fe0cdf/elements[39m
[35m[HTTP][39m [90m{"using":"xpath","value":"//hierarchy/android.widget.FrameLayout[1]/android.widget.LinearLayout[1]/android.widget.FrameLayout[1]/android.widget.FrameLayout[1]/android.widget.FrameLayout[1]/android.widget.FrameLayout[1]/android.widget.ImageView[1]"}[39m
[35m[HTTP][39m [37m<-- POST /wd/hub/session/cc64ff7c-df5d-4ce2-830f-ddd700fe0cdf/elements [39m[32m200[39m [90m95 ms - 12[39m
[35m[HTTP][39m [90m[39m
[35m[HTTP][39m [37m-->[39m [37mPOST[39m [37m/wd/hub/session/cc64ff7c-df5d-4ce2-830f-ddd700fe0cdf/elements[39m
[35m[HTTP][39m [90m{"using":"xpath","value":"//hierarchy/android.widget.FrameLayout[1]/android.widget.LinearLayout[1]/android.widget.FrameLayout[1]/android.widget.FrameLayout[1]/android.widget.FrameLayout[1]/android.widget.FrameLayout[1]/android.widget.ImageView[1]"}[39m
[35m[HTTP][39m [37m<-- POST /wd/hub/session/cc64ff7c-df5d-4ce2-830f-ddd700fe0cdf/elements [39m[32m200[39m [90m90 ms - 12[39m
[35m[HTTP][39m [90m[39m
[35m[HTTP][39m [37m-->[39m [37mPOST[39m [37m/wd/hub/session/cc64ff7c-df5d-4ce2-830f-ddd700fe0cdf/elements[39m
[35m[HTTP][39m [90m{"using":"xpath","value":"//hierarchy/android.widget.FrameLayout[1]/android.widget.LinearLayout[1]/android.widget.FrameLayout[1]/android.widget.FrameLayout[1]/android.widget.FrameLayout[1]/android.widget.FrameLayout[1]/android.widget.ImageView[1]"}[39m
[35m[HTTP][39m [37m<-- POST /wd/hub/session/cc64ff7c-df5d-4ce2-830f-ddd700fe0cdf/elements [39m[32m200[39m [90m81 ms - 12[39m
[35m[HTTP][39m [90m[39m
[35m[HTTP][39m [37m-->[39m [37mPOST[39m [37m/wd/hub/session/cc64ff7c-df5d-4ce2-830f-ddd700fe0cdf/elements[39m
[35m[HTTP][39m [90m{"using":"xpath","value":"//hierarchy/android.widget.FrameLayout[1]/android.widget.LinearLayout[1]/android.widget.FrameLayout[1]/android.widget.FrameLayout[1]/android.widget.FrameLayout[1]/android.widget.FrameLayout[1]/android.widget.ImageView[1]"}[39m
[35m[HTTP][39m [37m<-- POST /wd/hub/session/cc64ff7c-df5d-4ce2-830f-ddd700fe0cdf/elements [39m[32m200[39m [90m104 ms - 12[39m
[35m[HTTP][39m [90m[39m
[35m[HTTP][39m [37m-->[39m [37mPOST[39m [37m/wd/hub/session/cc64ff7c-df5d-4ce2-830f-ddd700fe0cdf/elements[39m
[35m[HTTP][39m [90m{"using":"xpath","value":"//hierarchy/android.widget.FrameLayout[1]/android.widget.LinearLayout[1]/android.widget.FrameLayout[1]/android.widget.FrameLayout[1]/android.widget.FrameLayout[1]/android.widget.FrameLayout[1]/android.widget.ImageView[1]"}[39m
[35m[HTTP][39m [37m<-- POST /wd/hub/session/cc64ff7c-df5d-4ce2-830f-ddd700fe0cdf/elements [39m[32m200[39m [90m94 ms - 12[39m
[35m[HTTP][39m [90m[39m
[35m[HTTP][39m [37m-->[39m [37mPOST[39m [37m/wd/hub/session/cc64ff7c-df5d-4ce2-830f-ddd700fe0cdf/elements[39m
[35m[HTTP][39m [90m{"using":"xpath","value":"//hierarchy/android.widget.FrameLayout[1]/android.widget.LinearLayout[1]/android.widget.FrameLayout[1]/android.widget.FrameLayout[1]/android.widget.FrameLayout[1]/android.widget.FrameLayout[1]/android.widget.ImageView[1]"}[39m
[35m[HTTP][39m [37m<-- POST /wd/hub/session/cc64ff7c-df5d-4ce2-830f-ddd700fe0cdf/elements [39m[32m200[39m [90m99 ms - 12[39m
[35m[HTTP][39m [90m[39m
[35m[HTTP][39m [37m-->[39m [37mPOST[39m [37m/wd/hub/session/cc64ff7c-df5d-4ce2-830f-ddd700fe0cdf/elements[39m
[35m[HTTP][39m [90m{"using":"xpath","value":"//hierarchy/android.widget.FrameLayout[1]/android.widget.LinearLayout[1]/android.widget.FrameLayout[1]/android.widget.FrameLayout[1]/android.widget.FrameLayout[1]/android.widget.FrameLayout[1]/android.widget.ImageView[1]"}[39m
[35m[HTTP][39m [37m<-- POST /wd/hub/session/cc64ff7c-df5d-4ce2-830f-ddd700fe0cdf/elements [39m[32m200[39m [90m100 ms - 12[39m
[35m[HTTP][39m [90m[39m
[35m[HTTP][39m [37m-->[39m [37mPOST[39m [37m/wd/hub/session/cc64ff7c-df5d-4ce2-830f-ddd700fe0cdf/elements[39m
[35m[HTTP][39m [90m{"using":"xpath","value":"//hierarchy/android.widget.FrameLayout[1]/android.widget.LinearLayout[1]/android.widget.FrameLayout[1]/android.widget.FrameLayout[1]/android.widget.FrameLayout[1]/android.widget.FrameLayout[1]/android.widget.ImageView[1]"}[39m
[35m[HTTP][39m [37m<-- POST /wd/hub/session/cc64ff7c-df5d-4ce2-830f-ddd700fe0cdf/elements [39m[32m200[39m [90m83 ms - 12[39m
[35m[HTTP][39m [90m[39m
[35m[HTTP][39m [37m-->[39m [37mPOST[39m [37m/wd/hub/session/cc64ff7c-df5d-4ce2-830f-ddd700fe0cdf/elements[39m
[35m[HTTP][39m [90m{"using":"xpath","value":"//hierarchy/android.widget.FrameLayout[1]/android.widget.LinearLayout[1]/android.widget.FrameLayout[1]/android.widget.FrameLayout[1]/android.widget.FrameLayout[1]/android.widget.FrameLayout[1]/android.widget.ImageView[1]"}[39m
[35m[HTTP][39m [37m<-- POST /wd/hub/session/cc64ff7c-df5d-4ce2-830f-ddd700fe0cdf/elements [39m[32m200[39m [90m101 ms - 12[39m
[35m[HTTP][39m [90m[39m
[35m[HTTP][39m [37m-->[39m [37mPOST[39m [37m/wd/hub/session/cc64ff7c-df5d-4ce2-830f-ddd700fe0cdf/elements[39m
[35m[HTTP][39m [90m{"using":"xpath","value":"//hierarchy/android.widget.FrameLayout[1]/android.widget.LinearLayout[1]/android.widget.FrameLayout[1]/android.widget.FrameLayout[1]/android.widget.FrameLayout[1]/android.widget.FrameLayout[1]/android.widget.ImageView[1]"}[39m
[35m[HTTP][39m [37m<-- POST /wd/hub/session/cc64ff7c-df5d-4ce2-830f-ddd700fe0cdf/elements [39m[32m200[39m [90m96 ms - 12[39m
[35m[HTTP][39m [90m[39m
[35m[HTTP][39m [37m-->[39m [37mPOST[39m [37m/wd/hub/session/cc64ff7c-df5d-4ce2-830f-ddd700fe0cdf/elements[39m
[35m[HTTP][39m [90m{"using":"xpath","value":"//hierarchy/android.widget.FrameLayout[1]/android.widget.LinearLayout[1]/android.widget.FrameLayout[1]/android.widget.FrameLayout[1]/android.widget.FrameLayout[1]/android.widget.FrameLayout[1]/android.widget.ImageView[1]"}[39m
[35m[HTTP][39m [37m<-- POST /wd/hub/session/cc64ff7c-df5d-4ce2-830f-ddd700fe0cdf/elements [39m[32m200[39m [90m93 ms - 12[39m
[35m[HTTP][39m [90m[39m
[35m[HTTP][39m [37m-->[39m [37mPOST[39m [37m/wd/hub/session/cc64ff7c-df5d-4ce2-830f-ddd700fe0cdf/elements[39m
[35m[HTTP][39m [90m{"using":"xpath","value":"//hierarchy/android.widget.FrameLayout[1]/android.widget.LinearLayout[1]/android.widget.FrameLayout[1]/android.widget.FrameLayout[1]/android.widget.FrameLayout[1]/android.widget.FrameLayout[1]/android.widget.ImageView[1]"}[39m
[35m[HTTP][39m [37m<-- POST /wd/hub/session/cc64ff7c-df5d-4ce2-830f-ddd700fe0cdf/elements [39m[32m200[39m [90m97 ms - 12[39m
[35m[HTTP][39m [90m[39m
[35m[HTTP][39m [37m-->[39m [37mPOST[39m [37m/wd/hub/session/cc64ff7c-df5d-4ce2-830f-ddd700fe0cdf/elements[39m
[35m[HTTP][39m [90m{"using":"xpath","value":"//hierarchy/android.widget.FrameLayout[1]/android.widget.LinearLayout[1]/android.widget.FrameLayout[1]/android.widget.FrameLayout[1]/android.widget.FrameLayout[1]/android.widget.FrameLayout[1]/android.widget.ImageView[1]"}[39m
[35m[HTTP][39m [37m<-- POST /wd/hub/session/cc64ff7c-df5d-4ce2-830f-ddd700fe0cdf/elements [39m[32m200[39m [90m90 ms - 12[39m
[35m[HTTP][39m [90m[39m
[35m[HTTP][39m [37m-->[39m [37mPOST[39m [37m/wd/hub/session/cc64ff7c-df5d-4ce2-830f-ddd700fe0cdf/elements[39m
[35m[HTTP][39m [90m{"using":"xpath","value":"//hierarchy/android.widget.FrameLayout[1]/android.widget.LinearLayout[1]/android.widget.FrameLayout[1]/android.widget.FrameLayout[1]/android.widget.FrameLayout[1]/android.widget.FrameLayout[1]/android.widget.ImageView[1]"}[39m
[35m[HTTP][39m [37m<-- POST /wd/hub/session/cc64ff7c-df5d-4ce2-830f-ddd700fe0cdf/elements [39m[32m200[39m [90m96 ms - 12[39m
[35m[HTTP][39m [90m[39m
[35m[HTTP][39m [37m-->[39m [37mPOST[39m [37m/wd/hub/session/cc64ff7c-df5d-4ce2-830f-ddd700fe0cdf/elements[39m
[35m[HTTP][39m [90m{"using":"xpath","value":"//hierarchy/android.widget.FrameLayout[1]/android.widget.LinearLayout[1]/android.widget.FrameLayout[1]/android.widget.FrameLayout[1]/android.widget.FrameLayout[1]/android.widget.FrameLayout[1]/android.widget.ImageView[1]"}[39m
[35m[HTTP][39m [37m<-- POST /wd/hub/session/cc64ff7c-df5d-4ce2-830f-ddd700fe0cdf/elements [39m[32m200[39m [90m85 ms - 12[39m
[35m[HTTP][39m [90m[39m
[35m[HTTP][39m [37m-->[39m [37mPOST[39m [37m/wd/hub/session/cc64ff7c-df5d-4ce2-830f-ddd700fe0cdf/elements[39m
[35m[HTTP][39m [90m{"using":"xpath","value":"//hierarchy/android.widget.FrameLayout[1]/android.widget.LinearLayout[1]/android.widget.FrameLayout[1]/android.widget.FrameLayout[1]/android.widget.FrameLayout[1]/android.widget.FrameLayout[1]/android.widget.ImageView[1]"}[39m
[35m[HTTP][39m [37m<-- POST /wd/hub/session/cc64ff7c-df5d-4ce2-830f-ddd700fe0cdf/elements [39m[32m200[39m [90m103 ms - 12[39m
[35m[HTTP][39m [90m[39m
[35m[HTTP][39m [37m-->[39m [37mPOST[39m [37m/wd/hub/session/cc64ff7c-df5d-4ce2-830f-ddd700fe0cdf/elements[39m
[35m[HTTP][39m [90m{"using":"xpath","value":"//hierarchy/android.widget.FrameLayout[1]/android.widget.LinearLayout[1]/android.widget.FrameLayout[1]/android.widget.FrameLayout[1]/android.widget.FrameLayout[1]/android.widget.FrameLayout[1]/android.widget.ImageView[1]"}[39m
[35m[HTTP][39m [37m<-- POST /wd/hub/session/cc64ff7c-df5d-4ce2-830f-ddd700fe0cdf/elements [39m[32m200[39m [90m85 ms - 12[39m
[35m[HTTP][39m [90m[39m
[35m[HTTP][39m [37m-->[39m [37mPOST[39m [37m/wd/hub/session/cc64ff7c-df5d-4ce2-830f-ddd700fe0cdf/elements[39m
[35m[HTTP][39m [90m{"using":"xpath","value":"//hierarchy/android.widget.FrameLayout[1]/android.widget.LinearLayout[1]/android.widget.FrameLayout[1]/android.widget.FrameLayout[1]/android.widget.FrameLayout[1]/android.widget.FrameLayout[1]/android.widget.ImageView[1]"}[39m
[35m[HTTP][39m [37m<-- POST /wd/hub/session/cc64ff7c-df5d-4ce2-830f-ddd700fe0cdf/elements [39m[32m200[39m [90m89 ms - 12[39m
[35m[HTTP][39m [90m[39m
[35m[HTTP][39m [37m-->[39m [37mPOST[39m [37m/wd/hub/session/cc64ff7c-df5d-4ce2-830f-ddd700fe0cdf/elements[39m
[35m[HTTP][39m [90m{"using":"xpath","value":"//hierarchy/android.widget.FrameLayout[1]/android.widget.LinearLayout[1]/android.widget.FrameLayout[1]/android.widget.FrameLayout[1]/android.widget.FrameLayout[1]/android.widget.FrameLayout[1]/android.widget.ImageView[1]"}[39m
[35m[HTTP][39m [37m<-- POST /wd/hub/session/cc64ff7c-df5d-4ce2-830f-ddd700fe0cdf/elements [39m[32m200[39m [90m98 ms - 12[39m
[35m[HTTP][39m [90m[39m
[35m[HTTP][39m [37m-->[39m [37mPOST[39m [37m/wd/hub/session/cc64ff7c-df5d-4ce2-830f-ddd700fe0cdf/elements[39m
[35m[HTTP][39m [90m{"using":"xpath","value":"//hierarchy/android.widget.FrameLayout[1]/android.widget.LinearLayout[1]/android.widget.FrameLayout[1]/android.widget.FrameLayout[1]/android.widget.FrameLayout[1]/android.widget.FrameLayout[1]/android.widget.ImageView[1]"}[39m
[35m[HTTP][39m [37m<-- POST /wd/hub/session/cc64ff7c-df5d-4ce2-830f-ddd700fe0cdf/elements [39m[32m200[39m [90m101 ms - 12[39m
[35m[HTTP][39m [90m[39m
[35m[HTTP][39m [37m-->[39m [37mPOST[39m [37m/wd/hub/session/cc64ff7c-df5d-4ce2-830f-ddd700fe0cdf/elements[39m
[35m[HTTP][39m [90m{"using":"xpath","value":"//hierarchy/android.widget.FrameLayout[1]/android.widget.LinearLayout[1]/android.widget.FrameLayout[1]/android.widget.FrameLayout[1]/android.widget.FrameLayout[1]/android.widget.FrameLayout[1]/android.widget.ImageView[1]"}[39m
[35m[HTTP][39m [37m<-- POST /wd/hub/session/cc64ff7c-df5d-4ce2-830f-ddd700fe0cdf/elements [39m[32m200[39m [90m978 ms - 12[39m
[35m[HTTP][39m [90m[39m
[35m[HTTP][39m [37m-->[39m [37mPOST[39m [37m/wd/hub/session/cc64ff7c-df5d-4ce2-830f-ddd700fe0cdf/elements[39m
[35m[HTTP][39m [90m{"using":"xpath","value":"//hierarchy/android.widget.FrameLayout[1]/android.widget.LinearLayout[1]/android.widget.FrameLayout[1]/android.widget.FrameLayout[1]/android.widget.FrameLayout[1]/android.widget.FrameLayout[1]/android.widget.ImageView[1]"}[39m
[35m[HTTP][39m [37m<-- POST /wd/hub/session/cc64ff7c-df5d-4ce2-830f-ddd700fe0cdf/elements [39m[32m200[39m [90m184 ms - 12[39m
[35m[HTTP][39m [90m[39m
[35m[HTTP][39m [37m-->[39m [37mPOST[39m [37m/wd/hub/session/cc64ff7c-df5d-4ce2-830f-ddd700fe0cdf/elements[39m
[35m[HTTP][39m [90m{"using":"xpath","value":"//hierarchy/android.widget.FrameLayout[1]/android.widget.LinearLayout[1]/android.widget.FrameLayout[1]/android.widget.FrameLayout[1]/android.widget.FrameLayout[1]/android.widget.FrameLayout[1]/android.widget.ImageView[1]"}[39m
[35m[HTTP][39m [37m<-- POST /wd/hub/session/cc64ff7c-df5d-4ce2-830f-ddd700fe0cdf/elements [39m[32m200[39m [90m84 ms - 12[39m
[35m[HTTP][39m [90m[39m
[35m[HTTP][39m [37m-->[39m [37mPOST[39m [37m/wd/hub/session/cc64ff7c-df5d-4ce2-830f-ddd700fe0cdf/elements[39m
[35m[HTTP][39m [90m{"using":"xpath","value":"//hierarchy/android.widget.FrameLayout[1]/android.widget.LinearLayout[1]/android.widget.FrameLayout[1]/android.widget.FrameLayout[1]/android.widget.FrameLayout[1]/android.widget.FrameLayout[1]/android.widget.ImageView[1]"}[39m
[35m[HTTP][39m [37m<-- POST /wd/hub/session/cc64ff7c-df5d-4ce2-830f-ddd700fe0cdf/elements [39m[32m200[39m [90m109 ms - 12[39m
[35m[HTTP][39m [90m[39m
[35m[HTTP][39m [37m-->[39m [37mPOST[39m [37m/wd/hub/session/cc64ff7c-df5d-4ce2-830f-ddd700fe0cdf/elements[39m
[35m[HTTP][39m [90m{"using":"xpath","value":"//hierarchy/android.widget.FrameLayout[1]/android.widget.LinearLayout[1]/android.widget.FrameLayout[1]/android.widget.FrameLayout[1]/android.widget.FrameLayout[1]/android.widget.FrameLayout[1]/android.widget.ImageView[1]"}[39m
[35m[HTTP][39m [37m<-- POST /wd/hub/session/cc64ff7c-df5d-4ce2-830f-ddd700fe0cdf/elements [39m[32m200[39m [90m75 ms - 12[39m
[35m[HTTP][39m [90m[39m
[35m[HTTP][39m [37m-->[39m [37mPOST[39m [37m/wd/hub/session/cc64ff7c-df5d-4ce2-830f-ddd700fe0cdf/elements[39m
[35m[HTTP][39m [90m{"using":"xpath","value":"//hierarchy/android.widget.FrameLayout[1]/android.widget.LinearLayout[1]/android.widget.FrameLayout[1]/android.widget.FrameLayout[1]/android.widget.FrameLayout[1]/android.widget.FrameLayout[1]/android.widget.ImageView[1]"}[39m
[35m[HTTP][39m [37m<-- POST /wd/hub/session/cc64ff7c-df5d-4ce2-830f-ddd700fe0cdf/elements [39m[32m200[39m [90m104 ms - 12[39m
[35m[HTTP][39m [90m[39m
[35m[HTTP][39m [37m-->[39m [37mPOST[39m [37m/wd/hub/session/cc64ff7c-df5d-4ce2-830f-ddd700fe0cdf/elements[39m
[35m[HTTP][39m [90m{"using":"xpath","value":"//hierarchy/android.widget.FrameLayout[1]/android.widget.LinearLayout[1]/android.widget.FrameLayout[1]/android.widget.FrameLayout[1]/android.widget.FrameLayout[1]/android.widget.FrameLayout[1]/android.widget.ImageView[1]"}[39m
[35m[HTTP][39m [37m<-- POST /wd/hub/session/cc64ff7c-df5d-4ce2-830f-ddd700fe0cdf/elements [39m[32m200[39m [90m90 ms - 12[39m
[35m[HTTP][39m [90m[39m
[35m[HTTP][39m [37m-->[39m [37mPOST[39m [37m/wd/hub/session/cc64ff7c-df5d-4ce2-830f-ddd700fe0cdf/elements[39m
[35m[HTTP][39m [90m{"using":"xpath","value":"//hierarchy/android.widget.FrameLayout[1]/android.widget.LinearLayout[1]/android.widget.FrameLayout[1]/android.widget.FrameLayout[1]/android.widget.FrameLayout[1]/android.widget.FrameLayout[1]/android.widget.ImageView[1]"}[39m
[35m[HTTP][39m [37m<-- POST /wd/hub/session/cc64ff7c-df5d-4ce2-830f-ddd700fe0cdf/elements [39m[32m200[39m [90m57 ms - 12[39m
[35m[HTTP][39m [90m[39m
[35m[HTTP][39m [37m-->[39m [37mPOST[39m [37m/wd/hub/session/cc64ff7c-df5d-4ce2-830f-ddd700fe0cdf/elements[39m
[35m[HTTP][39m [90m{"using":"xpath","value":"//hierarchy/android.widget.FrameLayout[1]/android.widget.LinearLayout[1]/android.widget.FrameLayout[1]/android.widget.FrameLayout[1]/android.widget.FrameLayout[1]/android.widget.FrameLayout[1]/android.widget.ImageView[1]"}[39m
[35m[HTTP][39m [37m<-- POST /wd/hub/session/cc64ff7c-df5d-4ce2-830f-ddd700fe0cdf/elements [39m[32m200[39m [90m1021 ms - 139[39m
[35m[HTTP][39m [90m[39m
[35m[HTTP][39m [37m-->[39m [37mGET[39m [37m/wd/hub/session/cc64ff7c-df5d-4ce2-830f-ddd700fe0cdf/element/00000000-0000-00ee-ffff-ffff00000300/location[39m
[35m[HTTP][39m [90m{}[39m
[35m[W3C (cc64ff7c)][39m Driver proxy active, passing request on via HTTP proxy
[35m[WD Proxy][39m Replacing sessionId b93b4e30-6e60-4043-bd12-0e07724f61ad with cc64ff7c-df5d-4ce2-830f-ddd700fe0cdf
[35m[HTTP][39m [37m<-- GET /wd/hub/session/cc64ff7c-df5d-4ce2-830f-ddd700fe0cdf/element/00000000-0000-00ee-ffff-ffff00000300/location [39m[32m200[39m [90m56 ms - 78[39m
[35m[HTTP][39m [90m[39m
[35m[HTTP][39m [37m-->[39m [37mPOST[39m [37m/wd/hub/session/cc64ff7c-df5d-4ce2-830f-ddd700fe0cdf/timeouts[39m
[35m[HTTP][39m [90m{"implicit":30000}[39m
[35m[HTTP][39m [37m<-- POST /wd/hub/session/cc64ff7c-df5d-4ce2-830f-ddd700fe0cdf/timeouts [39m[32m200[39m [90m2 ms - 14[39m
[35m[HTTP][39m [90m[39m
[35m[HTTP][39m [37m-->[39m [37mPOST[39m [37m/wd/hub/session/cc64ff7c-df5d-4ce2-830f-ddd700fe0cdf/touch/perform[39m
[35m[HTTP][39m [90m{"actions":[{"action":"tap","options":{"x":1,"y":1,"element":"00000000-0000-00ee-ffff-ffff00000300"}},{"action":"release","options":{}}]}[39m
[35m[UiAutomator2][39m calling get location: 00000000-0000-00ee-ffff-ffff00000300
[35m[HTTP][39m [37m<-- POST /wd/hub/session/cc64ff7c-df5d-4ce2-830f-ddd700fe0cdf/touch/perform [39m[32m200[39m [90m1099 ms - 14[39m
[35m[HTTP][39m [90m[39m
[35m[HTTP][39m [37m-->[39m [37mPOST[39m [37m/wd/hub/session/cc64ff7c-df5d-4ce2-830f-ddd700fe0cdf/timeouts[39m
[35m[HTTP][39m [90m{"implicit":50}[39m
[35m[HTTP][39m [37m<-- POST /wd/hub/session/cc64ff7c-df5d-4ce2-830f-ddd700fe0cdf/timeouts [39m[32m200[39m [90m2 ms - 14[39m
[35m[HTTP][39m [90m[39m
[35m[HTTP][39m [37m-->[39m [37mGET[39m [37m/wd/hub/session/cc64ff7c-df5d-4ce2-830f-ddd700fe0cdf/window/rect[39m
[35m[HTTP][39m [90m{}[39m
[35m[HTTP][39m [37m<-- GET /wd/hub/session/cc64ff7c-df5d-4ce2-830f-ddd700fe0cdf/window/rect [39m[32m200[39m [90m43 ms - 50[39m
[35m[HTTP][39m [90m[39m
[35m[HTTP][39m [37m-->[39m [37mPOST[39m [37m/wd/hub/session/cc64ff7c-df5d-4ce2-830f-ddd700fe0cdf/elements[39m
[35m[HTTP][39m [90m{"using":"xpath","value":"//hierarchy/android.widget.FrameLayout[1]/android.widget.LinearLayout[1]/android.widget.FrameLayout[1]/android.widget.FrameLayout[1]/android.widget.FrameLayout[1]/android.widget.FrameLayout[1]/android.widget.ImageView[1]"}[39m
[35m[HTTP][39m [37m<-- POST /wd/hub/session/cc64ff7c-df5d-4ce2-830f-ddd700fe0cdf/elements [39m[32m200[39m [90m119 ms - 139[39m
[35m[HTTP][39m [90m[39m
[35m[HTTP][39m [37m-->[39m [37mGET[39m [37m/wd/hub/session/cc64ff7c-df5d-4ce2-830f-ddd700fe0cdf/element/00000000-0000-00ee-ffff-ffff00000300/location[39m
[35m[HTTP][39m [90m{}[39m
[35m[W3C (cc64ff7c)][39m Driver proxy active, passing request on via HTTP proxy
[35m[WD Proxy][39m Replacing sessionId b93b4e30-6e60-4043-bd12-0e07724f61ad with cc64ff7c-df5d-4ce2-830f-ddd700fe0cdf
[35m[HTTP][39m [37m<-- GET /wd/hub/session/cc64ff7c-df5d-4ce2-830f-ddd700fe0cdf/element/00000000-0000-00ee-ffff-ffff00000300/location [39m[32m200[39m [90m30 ms - 78[39m
[35m[HTTP][39m [90m[39m
[35m[HTTP][39m [37m-->[39m [37mPOST[39m [37m/wd/hub/session/cc64ff7c-df5d-4ce2-830f-ddd700fe0cdf/timeouts[39m
[35m[HTTP][39m [90m{"implicit":30000}[39m
[35m[HTTP][39m [37m<-- POST /wd/hub/session/cc64ff7c-df5d-4ce2-830f-ddd700fe0cdf/timeouts [39m[32m200[39m [90m2 ms - 14[39m
[35m[HTTP][39m [90m[39m
[35m[HTTP][39m [37m-->[39m [37mPOST[39m [37m/wd/hub/session/cc64ff7c-df5d-4ce2-830f-ddd700fe0cdf/touch/perform[39m
[35m[HTTP][39m [90m{"actions":[{"action":"tap","options":{"x":1,"y":1,"element":"00000000-0000-00ee-ffff-ffff00000300"}},{"action":"release","options":{}}]}[39m
[35m[UiAutomator2][39m calling get location: 00000000-0000-00ee-ffff-ffff00000300
[35m[HTTP][39m [37m<-- POST /wd/hub/session/cc64ff7c-df5d-4ce2-830f-ddd700fe0cdf/touch/perform [39m[32m200[39m [90m1030 ms - 14[39m
[35m[HTTP][39m [90m[39m
[35m[HTTP][39m [37m-->[39m [37mPOST[39m [37m/wd/hub/session/cc64ff7c-df5d-4ce2-830f-ddd700fe0cdf/timeouts[39m
[35m[HTTP][39m [90m{"implicit":50}[39m
[35m[HTTP][39m [37m<-- POST /wd/hub/session/cc64ff7c-df5d-4ce2-830f-ddd700fe0cdf/timeouts [39m[32m200[39m [90m1 ms - 14[39m
[35m[HTTP][39m [90m[39m
[35m[HTTP][39m [37m-->[39m [37mGET[39m [37m/wd/hub/session/cc64ff7c-df5d-4ce2-830f-ddd700fe0cdf/window/rect[39m
[35m[HTTP][39m [90m{}[39m
[35m[HTTP][39m [37m<-- GET /wd/hub/session/cc64ff7c-df5d-4ce2-830f-ddd700fe0cdf/window/rect [39m[32m200[39m [90m38 ms - 50[39m
[35m[HTTP][39m [90m[39m
[35m[HTTP][39m [37m-->[39m [37mPOST[39m [37m/wd/hub/session/cc64ff7c-df5d-4ce2-830f-ddd700fe0cdf/elements[39m
[35m[HTTP][39m [90m{"using":"xpath","value":"//hierarchy/android.widget.FrameLayout[1]/android.widget.LinearLayout[1]/android.widget.FrameLayout[1]/android.widget.FrameLayout[1]/android.widget.FrameLayout[1]/android.widget.FrameLayout[1]/android.widget.ImageView[1]"}[39m
[35m[HTTP][39m [37m<-- POST /wd/hub/session/cc64ff7c-df5d-4ce2-830f-ddd700fe0cdf/elements [39m[32m200[39m [90m76 ms - 139[39m
[35m[HTTP][39m [90m[39m
[35m[HTTP][39m [37m-->[39m [37mGET[39m [37m/wd/hub/session/cc64ff7c-df5d-4ce2-830f-ddd700fe0cdf/element/00000000-0000-00ee-ffff-ffff00000300/location[39m
[35m[HTTP][39m [90m{}[39m
[35m[W3C (cc64ff7c)][39m Driver proxy active, passing request on via HTTP proxy
[35m[WD Proxy][39m Replacing sessionId b93b4e30-6e60-4043-bd12-0e07724f61ad with cc64ff7c-df5d-4ce2-830f-ddd700fe0cdf
[35m[HTTP][39m [37m<-- GET /wd/hub/session/cc64ff7c-df5d-4ce2-830f-ddd700fe0cdf/element/00000000-0000-00ee-ffff-ffff00000300/location [39m[32m200[39m [90m34 ms - 78[39m
[35m[HTTP][39m [90m[39m
[35m[HTTP][39m [37m-->[39m [37mPOST[39m [37m/wd/hub/session/cc64ff7c-df5d-4ce2-830f-ddd700fe0cdf/timeouts[39m
[35m[HTTP][39m [90m{"implicit":30000}[39m
[35m[HTTP][39m [37m<-- POST /wd/hub/session/cc64ff7c-df5d-4ce2-830f-ddd700fe0cdf/timeouts [39m[32m200[39m [90m2 ms - 14[39m
[35m[HTTP][39m [90m[39m
[35m[HTTP][39m [37m-->[39m [37mPOST[39m [37m/wd/hub/session/cc64ff7c-df5d-4ce2-830f-ddd700fe0cdf/touch/perform[39m
[35m[HTTP][39m [90m{"actions":[{"action":"tap","options":{"x":1,"y":1,"element":"00000000-0000-00ee-ffff-ffff00000300"}},{"action":"release","options":{}}]}[39m
[35m[UiAutomator2][39m calling get location: 00000000-0000-00ee-ffff-ffff00000300
[35m[HTTP][39m [37m<-- POST /wd/hub/session/cc64ff7c-df5d-4ce2-830f-ddd700fe0cdf/touch/perform [39m[32m200[39m [90m1054 ms - 14[39m
[35m[HTTP][39m [90m[39m
[35m[HTTP][39m [37m-->[39m [37mPOST[39m [37m/wd/hub/session/cc64ff7c-df5d-4ce2-830f-ddd700fe0cdf/timeouts[39m
[35m[HTTP][39m [90m{"implicit":50}[39m
[35m[HTTP][39m [37m<-- POST /wd/hub/session/cc64ff7c-df5d-4ce2-830f-ddd700fe0cdf/timeouts [39m[32m200[39m [90m1 ms - 14[39m
[35m[HTTP][39m [90m[39m
[35m[HTTP][39m [37m-->[39m [37mGET[39m [37m/wd/hub/session/cc64ff7c-df5d-4ce2-830f-ddd700fe0cdf/window/rect[39m
[35m[HTTP][39m [90m{}[39m
[35m[HTTP][39m [37m<-- GET /wd/hub/session/cc64ff7c-df5d-4ce2-830f-ddd700fe0cdf/window/rect [39m[32m200[39m [90m35 ms - 50[39m
[35m[HTTP][39m [90m[39m
[35m[HTTP][39m [37m-->[39m [37mPOST[39m [37m/wd/hub/session/cc64ff7c-df5d-4ce2-830f-ddd700fe0cdf/elements[39m
[35m[HTTP][39m [90m{"using":"xpath","value":"//hierarchy/android.widget.FrameLayout[1]/android.widget.LinearLayout[1]/android.widget.FrameLayout[1]/android.widget.FrameLayout[1]/android.widget.FrameLayout[1]/android.widget.FrameLayout[1]/android.widget.ImageView[1]"}[39m
[35m[HTTP][39m [37m<-- POST /wd/hub/session/cc64ff7c-df5d-4ce2-830f-ddd700fe0cdf/elements [39m[32m200[39m [90m28 ms - 139[39m
[35m[HTTP][39m [90m[39m
[35m[HTTP][39m [37m-->[39m [37mGET[39m [37m/wd/hub/session/cc64ff7c-df5d-4ce2-830f-ddd700fe0cdf/element/00000000-0000-00ee-ffff-ffff00000300/location[39m
[35m[HTTP][39m [90m{}[39m
[35m[W3C (cc64ff7c)][39m Driver proxy active, passing request on via HTTP proxy
[35m[WD Proxy][39m Replacing sessionId b93b4e30-6e60-4043-bd12-0e07724f61ad with cc64ff7c-df5d-4ce2-830f-ddd700fe0cdf
[35m[HTTP][39m [37m<-- GET /wd/hub/session/cc64ff7c-df5d-4ce2-830f-ddd700fe0cdf/element/00000000-0000-00ee-ffff-ffff00000300/location [39m[32m200[39m [90m11 ms - 78[39m
[35m[HTTP][39m [90m[39m
[35m[HTTP][39m [37m-->[39m [37mPOST[39m [37m/wd/hub/session/cc64ff7c-df5d-4ce2-830f-ddd700fe0cdf/timeouts[39m
[35m[HTTP][39m [90m{"implicit":30000}[39m
[35m[HTTP][39m [37m<-- POST /wd/hub/session/cc64ff7c-df5d-4ce2-830f-ddd700fe0cdf/timeouts [39m[32m200[39m [90m1 ms - 14[39m
[35m[HTTP][39m [90m[39m
[35m[HTTP][39m [37m-->[39m [37mPOST[39m [37m/wd/hub/session/cc64ff7c-df5d-4ce2-830f-ddd700fe0cdf/touch/perform[39m
[35m[HTTP][39m [90m{"actions":[{"action":"tap","options":{"x":1,"y":1,"element":"00000000-0000-00ee-ffff-ffff00000300"}},{"action":"release","options":{}}]}[39m
[35m[UiAutomator2][39m calling get location: 00000000-0000-00ee-ffff-ffff00000300
[35m[HTTP][39m [37m<-- POST /wd/hub/session/cc64ff7c-df5d-4ce2-830f-ddd700fe0cdf/touch/perform [39m[32m200[39m [90m980 ms - 14[39m
[35m[HTTP][39m [90m[39m
[35m[HTTP][39m [37m-->[39m [37mPOST[39m [37m/wd/hub/session/cc64ff7c-df5d-4ce2-830f-ddd700fe0cdf/timeouts[39m
[35m[HTTP][39m [90m{"implicit":50}[39m
[35m[HTTP][39m [37m<-- POST /wd/hub/session/cc64ff7c-df5d-4ce2-830f-ddd700fe0cdf/timeouts [39m[32m200[39m [90m1 ms - 14[39m
[35m[HTTP][39m [90m[39m
[35m[HTTP][39m [37m-->[39m [37mGET[39m [37m/wd/hub/session/cc64ff7c-df5d-4ce2-830f-ddd700fe0cdf/window/rect[39m
[35m[HTTP][39m [90m{}[39m
[35m[HTTP][39m [37m<-- GET /wd/hub/session/cc64ff7c-df5d-4ce2-830f-ddd700fe0cdf/window/rect [39m[32m200[39m [90m53 ms - 50[39m
[35m[HTTP][39m [90m[39m
[35m[HTTP][39m [37m-->[39m [37mPOST[39m [37m/wd/hub/session/cc64ff7c-df5d-4ce2-830f-ddd700fe0cdf/elements[39m
[35m[HTTP][39m [90m{"using":"xpath","value":"//hierarchy/android.widget.FrameLayout[1]/android.widget.LinearLayout[1]/android.widget.FrameLayout[1]/android.widget.FrameLayout[1]/android.widget.FrameLayout[1]/android.widget.FrameLayout[1]/android.widget.ImageView[1]"}[39m
[35m[HTTP][39m [37m<-- POST /wd/hub/session/cc64ff7c-df5d-4ce2-830f-ddd700fe0cdf/elements [39m[32m200[39m [90m104 ms - 139[39m
[35m[HTTP][39m [90m[39m
[35m[HTTP][39m [37m-->[39m [37mGET[39m [37m/wd/hub/session/cc64ff7c-df5d-4ce2-830f-ddd700fe0cdf/element/00000000-0000-00ee-ffff-ffff00000300/location[39m
[35m[HTTP][39m [90m{}[39m
[35m[W3C (cc64ff7c)][39m Driver proxy active, passing request on via HTTP proxy
[35m[WD Proxy][39m Replacing sessionId b93b4e30-6e60-4043-bd12-0e07724f61ad with cc64ff7c-df5d-4ce2-830f-ddd700fe0cdf
[35m[HTTP][39m [37m<-- GET /wd/hub/session/cc64ff7c-df5d-4ce2-830f-ddd700fe0cdf/element/00000000-0000-00ee-ffff-ffff00000300/location [39m[32m200[39m [90m41 ms - 78[39m
[35m[HTTP][39m [90m[39m
[35m[HTTP][39m [37m-->[39m [37mPOST[39m [37m/wd/hub/session/cc64ff7c-df5d-4ce2-830f-ddd700fe0cdf/timeouts[39m
[35m[HTTP][39m [90m{"implicit":30000}[39m
[35m[HTTP][39m [37m<-- POST /wd/hub/session/cc64ff7c-df5d-4ce2-830f-ddd700fe0cdf/timeouts [39m[32m200[39m [90m2 ms - 14[39m
[35m[HTTP][39m [90m[39m
[35m[HTTP][39m [37m-->[39m [37mPOST[39m [37m/wd/hub/session/cc64ff7c-df5d-4ce2-830f-ddd700fe0cdf/touch/perform[39m
[35m[HTTP][39m [90m{"actions":[{"action":"tap","options":{"x":1,"y":1,"element":"00000000-0000-00ee-ffff-ffff00000300"}},{"action":"release","options":{}}]}[39m
[35m[UiAutomator2][39m calling get location: 00000000-0000-00ee-ffff-ffff00000300
[35m[HTTP][39m [37m<-- POST /wd/hub/session/cc64ff7c-df5d-4ce2-830f-ddd700fe0cdf/touch/perform [39m[32m200[39m [90m1054 ms - 14[39m
[35m[HTTP][39m [90m[39m
[35m[HTTP][39m [37m-->[39m [37mPOST[39m [37m/wd/hub/session/cc64ff7c-df5d-4ce2-830f-ddd700fe0cdf/timeouts[39m
[35m[HTTP][39m [90m{"implicit":50}[39m
[35m[HTTP][39m [37m<-- POST /wd/hub/session/cc64ff7c-df5d-4ce2-830f-ddd700fe0cdf/timeouts [39m[32m200[39m [90m1 ms - 14[39m
[35m[HTTP][39m [90m[39m
[35m[HTTP][39m [37m-->[39m [37mGET[39m [37m/wd/hub/session/cc64ff7c-df5d-4ce2-830f-ddd700fe0cdf/window/rect[39m
[35m[HTTP][39m [90m{}[39m
[35m[HTTP][39m [37m<-- GET /wd/hub/session/cc64ff7c-df5d-4ce2-830f-ddd700fe0cdf/window/rect [39m[32m200[39m [90m35 ms - 50[39m
[35m[HTTP][39m [90m[39m
[35m[HTTP][39m [37m-->[39m [37mPOST[39m [37m/wd/hub/session/cc64ff7c-df5d-4ce2-830f-ddd700fe0cdf/elements[39m
[35m[HTTP][39m [90m{"using":"xpath","value":"//*[@class = 'android.widget.ImageButton' and (@text = '' or . = '')]"}[39m
[35m[HTTP][39m [37m<-- POST /wd/hub/session/cc64ff7c-df5d-4ce2-830f-ddd700fe0cdf/elements [39m[32m200[39m [90m107 ms - 139[39m
[35m[HTTP][39m [90m[39m
[35m[HTTP][39m [37m-->[39m [37mGET[39m [37m/wd/hub/session/cc64ff7c-df5d-4ce2-830f-ddd700fe0cdf/element/00000000-0000-00ee-ffff-ffff000002ff/location[39m
[35m[HTTP][39m [90m{}[39m
[35m[W3C (cc64ff7c)][39m Driver proxy active, passing request on via HTTP proxy
[35m[WD Proxy][39m Replacing sessionId b93b4e30-6e60-4043-bd12-0e07724f61ad with cc64ff7c-df5d-4ce2-830f-ddd700fe0cdf
[35m[HTTP][39m [37m<-- GET /wd/hub/session/cc64ff7c-df5d-4ce2-830f-ddd700fe0cdf/element/00000000-0000-00ee-ffff-ffff000002ff/location [39m[32m200[39m [90m49 ms - 77[39m
[35m[HTTP][39m [90m[39m
[35m[HTTP][39m [37m-->[39m [37mPOST[39m [37m/wd/hub/session/cc64ff7c-df5d-4ce2-830f-ddd700fe0cdf/timeouts[39m
[35m[HTTP][39m [90m{"implicit":30000}[39m
[35m[HTTP][39m [37m<-- POST /wd/hub/session/cc64ff7c-df5d-4ce2-830f-ddd700fe0cdf/timeouts [39m[32m200[39m [90m2 ms - 14[39m
[35m[HTTP][39m [90m[39m
[35m[HTTP][39m [37m-->[39m [37mPOST[39m [37m/wd/hub/session/cc64ff7c-df5d-4ce2-830f-ddd700fe0cdf/touch/perform[39m
[35m[HTTP][39m [90m{"actions":[{"action":"tap","options":{"x":1,"y":1,"element":"00000000-0000-00ee-ffff-ffff000002ff"}},{"action":"release","options":{}}]}[39m
[35m[UiAutomator2][39m calling get location: 00000000-0000-00ee-ffff-ffff000002ff
[35m[HTTP][39m [37m<-- POST /wd/hub/session/cc64ff7c-df5d-4ce2-830f-ddd700fe0cdf/touch/perform [39m[32m200[39m [90m858 ms - 14[39m
[35m[HTTP][39m [90m[39m
[35m[HTTP][39m [37m-->[39m [37mPOST[39m [37m/wd/hub/session/cc64ff7c-df5d-4ce2-830f-ddd700fe0cdf/timeouts[39m
[35m[HTTP][39m [90m{"implicit":50}[39m
[35m[HTTP][39m [37m<-- POST /wd/hub/session/cc64ff7c-df5d-4ce2-830f-ddd700fe0cdf/timeouts [39m[32m200[39m [90m1 ms - 14[39m
[35m[HTTP][39m [90m[39m
[35m[HTTP][39m [37m-->[39m [37mGET[39m [37m/wd/hub/session/cc64ff7c-df5d-4ce2-830f-ddd700fe0cdf/window/rect[39m
[35m[HTTP][39m [90m{}[39m
[35m[HTTP][39m [37m<-- GET /wd/hub/session/cc64ff7c-df5d-4ce2-830f-ddd700fe0cdf/window/rect [39m[32m200[39m [90m42 ms - 50[39m
[35m[HTTP][39m [90m[39m
[35m[HTTP][39m [37m-->[39m [37mPOST[39m [37m/wd/hub/session/cc64ff7c-df5d-4ce2-830f-ddd700fe0cdf/elements[39m
[35m[HTTP][39m [90m{"using":"xpath","value":"//*[@class = 'android.widget.ImageView' and @resource-id = 'com.gigantic.clawee:id/greenButton' and (@text = '' or . = '')]"}[39m
[35m[HTTP][39m [37m<-- POST /wd/hub/session/cc64ff7c-df5d-4ce2-830f-ddd700fe0cdf/elements [39m[32m200[39m [90m93 ms - 139[39m
[35m[HTTP][39m [90m[39m
[35m[HTTP][39m [37m-->[39m [37mGET[39m [37m/wd/hub/session/cc64ff7c-df5d-4ce2-830f-ddd700fe0cdf/element/00000000-0000-00ef-ffff-ffff0000033e/location[39m
[35m[HTTP][39m [90m{}[39m
[35m[W3C (cc64ff7c)][39m Driver proxy active, passing request on via HTTP proxy
[35m[WD Proxy][39m Replacing sessionId b93b4e30-6e60-4043-bd12-0e07724f61ad with cc64ff7c-df5d-4ce2-830f-ddd700fe0cdf
[35m[HTTP][39m [37m<-- GET /wd/hub/session/cc64ff7c-df5d-4ce2-830f-ddd700fe0cdf/element/00000000-0000-00ef-ffff-ffff0000033e/location [39m[32m200[39m [90m34 ms - 79[39m
[35m[HTTP][39m [90m[39m
[35m[HTTP][39m [37m-->[39m [37mPOST[39m [37m/wd/hub/session/cc64ff7c-df5d-4ce2-830f-ddd700fe0cdf/timeouts[39m
[35m[HTTP][39m [90m{"implicit":30000}[39m
[35m[HTTP][39m [37m<-- POST /wd/hub/session/cc64ff7c-df5d-4ce2-830f-ddd700fe0cdf/timeouts [39m[32m200[39m [90m2 ms - 14[39m
[35m[HTTP][39m [90m[39m
[35m[HTTP][39m [37m-->[39m [37mPOST[39m [37m/wd/hub/session/cc64ff7c-df5d-4ce2-830f-ddd700fe0cdf/touch/perform[39m
[35m[HTTP][39m [90m{"actions":[{"action":"tap","options":{"x":1,"y":1,"element":"00000000-0000-00ef-ffff-ffff0000033e"}},{"action":"release","options":{}}]}[39m
[35m[UiAutomator2][39m calling get location: 00000000-0000-00ef-ffff-ffff0000033e
[35m[HTTP][39m [37m<-- POST /wd/hub/session/cc64ff7c-df5d-4ce2-830f-ddd700fe0cdf/touch/perform [39m[32m200[39m [90m714 ms - 14[39m
[35m[HTTP][39m [90m[39m
[35m[HTTP][39m [37m-->[39m [37mPOST[39m [37m/wd/hub/session/cc64ff7c-df5d-4ce2-830f-ddd700fe0cdf/timeouts[39m
[35m[HTTP][39m [90m{"implicit":50}[39m
[35m[HTTP][39m [37m<-- POST /wd/hub/session/cc64ff7c-df5d-4ce2-830f-ddd700fe0cdf/timeouts [39m[32m200[39m [90m1 ms - 14[39m
[35m[HTTP][39m [90m[39m
[35m[HTTP][39m [37m-->[39m [37mGET[39m [37m/wd/hub/session/cc64ff7c-df5d-4ce2-830f-ddd700fe0cdf/window/rect[39m
[35m[HTTP][39m [90m{}[39m
[35m[HTTP][39m [37m<-- GET /wd/hub/session/cc64ff7c-df5d-4ce2-830f-ddd700fe0cdf/window/rect [39m[32m200[39m [90m46 ms - 50[39m
[35m[HTTP][39m [90m[39m
[35m[HTTP][39m [37m-->[39m [37mPOST[39m [37m/wd/hub/session/cc64ff7c-df5d-4ce2-830f-ddd700fe0cdf/elements[39m
[35m[HTTP][39m [90m{"using":"xpath","value":"//*[@class = 'android.widget.ImageView' and @resource-id = 'com.gigantic.clawee:id/profileImage' and (@text = '' or . = '')]"}[39m
[35m[HTTP][39m [37m<-- POST /wd/hub/session/cc64ff7c-df5d-4ce2-830f-ddd700fe0cdf/elements [39m[32m200[39m [90m271 ms - 139[39m
[35m[HTTP][39m [90m[39m
[35m[HTTP][39m [37m-->[39m [37mGET[39m [37m/wd/hub/session/cc64ff7c-df5d-4ce2-830f-ddd700fe0cdf/element/00000000-0000-00ed-ffff-ffff000001e5/location[39m
[35m[HTTP][39m [90m{}[39m
[35m[W3C (cc64ff7c)][39m Driver proxy active, passing request on via HTTP proxy
[35m[WD Proxy][39m Replacing sessionId b93b4e30-6e60-4043-bd12-0e07724f61ad with cc64ff7c-df5d-4ce2-830f-ddd700fe0cdf
[35m[HTTP][39m [37m<-- GET /wd/hub/session/cc64ff7c-df5d-4ce2-830f-ddd700fe0cdf/element/00000000-0000-00ed-ffff-ffff000001e5/location [39m[32m200[39m [90m640 ms - 77[39m
[35m[HTTP][39m [90m[39m
[35m[HTTP][39m [37m-->[39m [37mPOST[39m [37m/wd/hub/session/cc64ff7c-df5d-4ce2-830f-ddd700fe0cdf/timeouts[39m
[35m[HTTP][39m [90m{"implicit":30000}[39m
[35m[HTTP][39m [37m<-- POST /wd/hub/session/cc64ff7c-df5d-4ce2-830f-ddd700fe0cdf/timeouts [39m[32m200[39m [90m2 ms - 14[39m
[35m[HTTP][39m [90m[39m
[35m[HTTP][39m [37m-->[39m [37mPOST[39m [37m/wd/hub/session/cc64ff7c-df5d-4ce2-830f-ddd700fe0cdf/touch/perform[39m
[35m[HTTP][39m [90m{"actions":[{"action":"tap","options":{"x":1,"y":1,"element":"00000000-0000-00ed-ffff-ffff000001e5"}},{"action":"release","options":{}}]}[39m
[35m[UiAutomator2][39m calling get location: 00000000-0000-00ed-ffff-ffff000001e5
[35m[HTTP][39m [37m<-- POST /wd/hub/session/cc64ff7c-df5d-4ce2-830f-ddd700fe0cdf/touch/perform [39m[32m200[39m [90m1191 ms - 14[39m
[35m[HTTP][39m [90m[39m
[35m[HTTP][39m [37m-->[39m [37mPOST[39m [37m/wd/hub/session/cc64ff7c-df5d-4ce2-830f-ddd700fe0cdf/timeouts[39m
[35m[HTTP][39m [90m{"implicit":50}[39m
[35m[HTTP][39m [37m<-- POST /wd/hub/session/cc64ff7c-df5d-4ce2-830f-ddd700fe0cdf/timeouts [39m[32m200[39m [90m1 ms - 14[39m
[35m[HTTP][39m [90m[39m
[35m[HTTP][39m [37m-->[39m [37mGET[39m [37m/wd/hub/session/cc64ff7c-df5d-4ce2-830f-ddd700fe0cdf/window/rect[39m
[35m[HTTP][39m [90m{}[39m
[35m[HTTP][39m [37m<-- GET /wd/hub/session/cc64ff7c-df5d-4ce2-830f-ddd700fe0cdf/window/rect [39m[32m200[39m [90m32 ms - 50[39m
[35m[HTTP][39m [90m[39m
[35m[HTTP][39m [37m-->[39m [37mPOST[39m [37m/wd/hub/session/cc64ff7c-df5d-4ce2-830f-ddd700fe0cdf/elements[39m
[35m[HTTP][39m [90m{"using":"xpath","value":"//*[@class = 'android.widget.ImageView' and @resource-id = 'com.gigantic.clawee:id/free_round_image' and (@text = '' or . = '')]"}[39m
[35m[HTTP][39m [37m<-- POST /wd/hub/session/cc64ff7c-df5d-4ce2-830f-ddd700fe0cdf/elements [39m[32m200[39m [90m504 ms - 139[39m
[35m[HTTP][39m [90m[39m
[35m[HTTP][39m [37m-->[39m [37mGET[39m [37m/wd/hub/session/cc64ff7c-df5d-4ce2-830f-ddd700fe0cdf/element/00000000-0000-00ed-ffff-ffff00000191/location[39m
[35m[HTTP][39m [90m{}[39m
[35m[W3C (cc64ff7c)][39m Driver proxy active, passing request on via HTTP proxy
[35m[WD Proxy][39m Replacing sessionId b93b4e30-6e60-4043-bd12-0e07724f61ad with cc64ff7c-df5d-4ce2-830f-ddd700fe0cdf
[35m[HTTP][39m [37m<-- GET /wd/hub/session/cc64ff7c-df5d-4ce2-830f-ddd700fe0cdf/element/00000000-0000-00ed-ffff-ffff00000191/location [39m[32m200[39m [90m25 ms - 79[39m
[35m[HTTP][39m [90m[39m
[35m[HTTP][39m [37m-->[39m [37mPOST[39m [37m/wd/hub/session/cc64ff7c-df5d-4ce2-830f-ddd700fe0cdf/timeouts[39m
[35m[HTTP][39m [90m{"implicit":30000}[39m
[35m[HTTP][39m [37m<-- POST /wd/hub/session/cc64ff7c-df5d-4ce2-830f-ddd700fe0cdf/timeouts [39m[32m200[39m [90m2 ms - 14[39m
[35m[HTTP][39m [90m[39m
[35m[HTTP][39m [37m-->[39m [37mPOST[39m [37m/wd/hub/session/cc64ff7c-df5d-4ce2-830f-ddd700fe0cdf/touch/perform[39m
[35m[HTTP][39m [90m{"actions":[{"action":"tap","options":{"x":1,"y":1,"element":"00000000-0000-00ed-ffff-ffff00000191"}},{"action":"release","options":{}}]}[39m
[35m[UiAutomator2][39m calling get location: 00000000-0000-00ed-ffff-ffff00000191
[35m[HTTP][39m [37m<-- POST /wd/hub/session/cc64ff7c-df5d-4ce2-830f-ddd700fe0cdf/touch/perform [39m[32m200[39m [90m204 ms - 14[39m
[35m[HTTP][39m [90m[39m
[35m[HTTP][39m [37m-->[39m [37mPOST[39m [37m/wd/hub/session/cc64ff7c-df5d-4ce2-830f-ddd700fe0cdf/timeouts[39m
[35m[HTTP][39m [90m{"implicit":50}[39m
[35m[HTTP][39m [37m<-- POST /wd/hub/session/cc64ff7c-df5d-4ce2-830f-ddd700fe0cdf/timeouts [39m[32m200[39m [90m1 ms - 14[39m
[35m[HTTP][39m [90m[39m
[35m[HTTP][39m [37m-->[39m [37mGET[39m [37m/wd/hub/session/cc64ff7c-df5d-4ce2-830f-ddd700fe0cdf/window/rect[39m
[35m[HTTP][39m [90m{}[39m
[35m[HTTP][39m [37m<-- GET /wd/hub/session/cc64ff7c-df5d-4ce2-830f-ddd700fe0cdf/window/rect [39m[32m200[39m [90m10 ms - 50[39m
[35m[HTTP][39m [90m[39m
[35m[HTTP][39m [37m-->[39m [37mPOST[39m [37m/wd/hub/session/cc64ff7c-df5d-4ce2-830f-ddd700fe0cdf/elements[39m
[35m[HTTP][39m [90m{"using":"xpath","value":"//*[@class = 'android.widget.Button' and (@text = 'RESET ACCOUNT' or . = 'RESET ACCOUNT') and @resource-id = 'com.gigantic.clawee:id/dev_menu_reset_account']"}[39m
[35m[HTTP][39m [37m<-- POST /wd/hub/session/cc64ff7c-df5d-4ce2-830f-ddd700fe0cdf/elements [39m[32m200[39m [90m495 ms - 139[39m
[35m[HTTP][39m [90m[39m
[35m[HTTP][39m [37m-->[39m [37mGET[39m [37m/wd/hub/session/cc64ff7c-df5d-4ce2-830f-ddd700fe0cdf/element/00000000-0000-00ed-ffff-ffff00000355/location[39m
[35m[HTTP][39m [90m{}[39m
[35m[W3C (cc64ff7c)][39m Driver proxy active, passing request on via HTTP proxy
[35m[WD Proxy][39m Replacing sessionId b93b4e30-6e60-4043-bd12-0e07724f61ad with cc64ff7c-df5d-4ce2-830f-ddd700fe0cdf
[35m[HTTP][39m [37m<-- GET /wd/hub/session/cc64ff7c-df5d-4ce2-830f-ddd700fe0cdf/element/00000000-0000-00ed-ffff-ffff00000355/location [39m[32m200[39m [90m494 ms - 77[39m
[35m[HTTP][39m [90m[39m
[35m[HTTP][39m [37m-->[39m [37mPOST[39m [37m/wd/hub/session/cc64ff7c-df5d-4ce2-830f-ddd700fe0cdf/timeouts[39m
[35m[HTTP][39m [90m{"implicit":30000}[39m
[35m[HTTP][39m [37m<-- POST /wd/hub/session/cc64ff7c-df5d-4ce2-830f-ddd700fe0cdf/timeouts [39m[32m200[39m [90m2 ms - 14[39m
[35m[HTTP][39m [90m[39m
[35m[HTTP][39m [37m-->[39m [37mPOST[39m [37m/wd/hub/session/cc64ff7c-df5d-4ce2-830f-ddd700fe0cdf/touch/perform[39m
[35m[HTTP][39m [90m{"actions":[{"action":"tap","options":{"x":1,"y":1,"element":"00000000-0000-00ed-ffff-ffff00000355"}},{"action":"release","options":{}}]}[39m
[35m[UiAutomator2][39m calling get location: 00000000-0000-00ed-ffff-ffff00000355
[35m[HTTP][39m [37m<-- POST /wd/hub/session/cc64ff7c-df5d-4ce2-830f-ddd700fe0cdf/touch/perform [39m[32m200[39m [90m255 ms - 14[39m
[35m[HTTP][39m [90m[39m
[35m[HTTP][39m [37m-->[39m [37mPOST[39m [37m/wd/hub/session/cc64ff7c-df5d-4ce2-830f-ddd700fe0cdf/timeouts[39m
[35m[HTTP][39m [90m{"implicit":50}[39m
[35m[HTTP][39m [37m<-- POST /wd/hub/session/cc64ff7c-df5d-4ce2-830f-ddd700fe0cdf/timeouts [39m[32m200[39m [90m1 ms - 14[39m
[35m[HTTP][39m [90m[39m
[35m[HTTP][39m [37m-->[39m [37mGET[39m [37m/wd/hub/session/cc64ff7c-df5d-4ce2-830f-ddd700fe0cdf/window/rect[39m
[35m[HTTP][39m [90m{}[39m
[35m[HTTP][39m [37m<-- GET /wd/hub/session/cc64ff7c-df5d-4ce2-830f-ddd700fe0cdf/window/rect [39m[32m200[39m [90m13 ms - 50[39m
[35m[HTTP][39m [90m[39m
[35m[HTTP][39m [37m-->[39m [37mPOST[39m [37m/wd/hub/session/cc64ff7c-df5d-4ce2-830f-ddd700fe0cdf/elements[39m
[35m[HTTP][39m [90m{"using":"xpath","value":"//*[@class = 'android.widget.ImageButton' and (@text = '' or . = '')]"}[39m
[35m[HTTP][39m [37m<-- POST /wd/hub/session/cc64ff7c-df5d-4ce2-830f-ddd700fe0cdf/elements [39m[32m200[39m [90m586 ms - 139[39m
[35m[HTTP][39m [90m[39m
[35m[HTTP][39m [37m-->[39m [37mGET[39m [37m/wd/hub/session/cc64ff7c-df5d-4ce2-830f-ddd700fe0cdf/element/00000000-0000-00f0-ffff-ffff00000396/location[39m
[35m[HTTP][39m [90m{}[39m
[35m[W3C (cc64ff7c)][39m Driver proxy active, passing request on via HTTP proxy
[35m[WD Proxy][39m Replacing sessionId b93b4e30-6e60-4043-bd12-0e07724f61ad with cc64ff7c-df5d-4ce2-830f-ddd700fe0cdf
[35m[HTTP][39m [37m<-- GET /wd/hub/session/cc64ff7c-df5d-4ce2-830f-ddd700fe0cdf/element/00000000-0000-00f0-ffff-ffff00000396/location [39m[32m200[39m [90m40 ms - 78[39m
[35m[HTTP][39m [90m[39m
[35m[HTTP][39m [37m-->[39m [37mPOST[39m [37m/wd/hub/session/cc64ff7c-df5d-4ce2-830f-ddd700fe0cdf/timeouts[39m
[35m[HTTP][39m [90m{"implicit":30000}[39m
[35m[HTTP][39m [37m<-- POST /wd/hub/session/cc64ff7c-df5d-4ce2-830f-ddd700fe0cdf/timeouts [39m[32m200[39m [90m2 ms - 14[39m
[35m[HTTP][39m [90m[39m
[35m[HTTP][39m [37m-->[39m [37mPOST[39m [37m/wd/hub/session/cc64ff7c-df5d-4ce2-830f-ddd700fe0cdf/touch/perform[39m
[35m[HTTP][39m [90m{"actions":[{"action":"tap","options":{"x":1,"y":1,"element":"00000000-0000-00f0-ffff-ffff00000396"}},{"action":"release","options":{}}]}[39m
[35m[UiAutomator2][39m calling get location: 00000000-0000-00f0-ffff-ffff00000396
[35m[HTTP][39m [37m<-- POST /wd/hub/session/cc64ff7c-df5d-4ce2-830f-ddd700fe0cdf/touch/perform [39m[32m200[39m [90m786 ms - 14[39m
[35m[HTTP][39m [90m[39m
[35m[HTTP][39m [37m-->[39m [37mDELETE[39m [37m/wd/hub/session/cc64ff7c-df5d-4ce2-830f-ddd700fe0cdf[39m
[35m[HTTP][39m [90m{}[39m
[35m[Appium][39m Removing session cc64ff7c-df5d-4ce2-830f-ddd700fe0cdf from our master session list
[35m[UiAutomator2][39m Restoring hidden api policy to the device default configuration
[35m[HTTP][39m [37m<-- DELETE /wd/hub/session/cc64ff7c-df5d-4ce2-830f-ddd700fe0cdf [39m[32m200[39m [90m450 ms - 14[39m
[35m[HTTP][39m [90m[39m
