[35m[Appium][39m Welcome to Appium v1.22.0
[35m[Appium][39m Non-default server args:
[35m[Appium][39m   port: 60655
[35m[Appium][39m   loglevel: info
[35m[Appium][39m   tmpDir: /var/folders/ny/h8rbv5fn5fx86h57mqpkhv2h0000gn/T//Katalon/Appium/Temp1638956729946
[35m[Appium][39m   chromedriverPort: 60656
[35m[Appium][39m Deprecated server args:
[35m[Appium][39m   [31m--chromedriver-port[39m => --default-capabilities
[35m[Appium][39m Default capabilities, which will be added to each request unless overridden by desired capabilities:
[35m[Appium][39m   chromedriverPort: 60656
[35m[Appium][39m Appium REST http interface listener started on 0.0.0.0:60655
[35m[HTTP][39m [37m-->[39m [37mGET[39m [37m/wd/hub/status[39m
[35m[HTTP][39m [90m{}[39m
[35m[HTTP][39m [37m<-- GET /wd/hub/status [39m[32m200[39m [90m6 ms - 68[39m
[35m[HTTP][39m [90m[39m
[35m[HTTP][39m [37m-->[39m [37mGET[39m [37m/wd/hub/status[39m
[35m[HTTP][39m [90m{}[39m
[35m[HTTP][39m [37m<-- GET /wd/hub/status [39m[32m200[39m [90m1 ms - 68[39m
[35m[HTTP][39m [90m[39m
[35m[HTTP][39m [37m-->[39m [37mPOST[39m [37m/wd/hub/session[39m
[35m[HTTP][39m [90m{"desiredCapabilities":{"appActivity":".Settings","appPackage":"com.android.settings","newCommandTimeout":1800,"platformVersion":"11","automationName":"uiautomator2","autoGrantPermissions":true,"platformName":"Android","udid":"FA84A1A00616","deviceName":"Google Pixel 2 (Android 11)","platform":"ANDROID","systemPort":8225},"capabilities":{"firstMatch":[{"appium:appActivity":".Settings","appium:appPackage":"com.android.settings","appium:autoGrantPermissions":true,"appium:automationName":"uiautomator2","appium:deviceName":"Google Pixel 2 (Android 11)","appium:newCommandTimeout":1800,"platform":"ANDROID","platformName":"android","appium:platformVersion":"11","appium:systemPort":8225,"appium:udid":"FA84A1A00616"}]}}[39m
[35m[BaseDriver][39m The following capabilities are not standard capabilities and should have an extension prefix:
[35m[BaseDriver][39m   platform
[35m[BaseDriver][39m   chromedriverPort
[35m[Appium][39m Appium v1.22.0 creating new AndroidUiautomator2Driver (v1.69.0) session
[35m[BaseDriver][39m The following capabilities were provided, but are not recognized by Appium:
[35m[BaseDriver][39m   platform
[35m[BaseDriver][39m Session created with session id: 9dbf4443-9d36-419a-b64d-2bf6345ef519
[35m[UiAutomator2][39m Starting 'com.android.settings' directly on the device
[35m[ADB][39m Found 1 'build-tools' folders under '/Users/Alexander/.katalon/tools/android_sdk' (newest first):
[35m[ADB][39m     /Users/Alexander/.katalon/tools/android_sdk/build-tools/29.0.3
[35m[ADB][39m Using 'adb' from '/Users/Alexander/.katalon/tools/android_sdk/platform-tools/adb'
[35m[AndroidDriver][39m Retrieving device list
[35m[AndroidDriver][39m Using device: FA84A1A00616
[35m[ADB][39m Using 'adb' from '/Users/Alexander/.katalon/tools/android_sdk/platform-tools/adb'
[35m[ADB][39m Getting device platform version
[35m[UiAutomator2][39m Relaxing hidden api policy
[35m[AndroidDriver][39m No app sent in, not parsing package/activity
[35m[ADB][39m Using 'apksigner.jar' from '/Users/Alexander/.katalon/tools/android_sdk/build-tools/29.0.3/lib/apksigner.jar'
[35m[ADB][39m '/usr/local/lib/node_modules/appium/node_modules/appium-uiautomator2-server/apks/appium-uiautomator2-server-v4.24.0.apk' is signed with the default certificate
[35m[ADB][39m '/usr/local/lib/node_modules/appium/node_modules/appium-uiautomator2-server/apks/appium-uiautomator2-server-debug-androidTest.apk' is signed with the default certificate
[35m[UiAutomator2][39m Server packages are not going to be (re)installed
[35m[ADB][39m Adding packages ["io.appium.settings","io.appium.uiautomator2.server","io.appium.uiautomator2.server.test"] to Doze whitelist
[35m[UiAutomator2][39m Starting UIAutomator2 server 4.24.0
[35m[UiAutomator2][39m Using UIAutomator2 server from '/usr/local/lib/node_modules/appium/node_modules/appium-uiautomator2-server/apks/appium-uiautomator2-server-v4.24.0.apk' and test from '/usr/local/lib/node_modules/appium/node_modules/appium-uiautomator2-server/apks/appium-uiautomator2-server-debug-androidTest.apk'
[35m[UiAutomator2][39m Waiting up to 30000ms for UiAutomator2 to be online...
[35m[WD Proxy][39m socket hang up
[35m[WD Proxy][39m socket hang up
[35m[WD Proxy][39m socket hang up
[35m[WD Proxy][39m Determined the downstream protocol as 'W3C'
[35m[AndroidDriver][39m Screen already unlocked, doing nothing
[35m[UiAutomator2][39m Starting 'com.android.settings/.Settings and waiting for 'com.android.settings/.Settings'
[35m[Appium][39m New AndroidUiautomator2Driver session created successfully, session 9dbf4443-9d36-419a-b64d-2bf6345ef519 added to master session list
[35m[HTTP][39m [37m<-- POST /wd/hub/session [39m[32m200[39m [90m9685 ms - 1158[39m
[35m[HTTP][39m [90m[39m
[35m[HTTP][39m [37m-->[39m [37mGET[39m [37m/wd/hub/session/9dbf4443-9d36-419a-b64d-2bf6345ef519[39m
[35m[HTTP][39m [90m{}[39m
[35m[HTTP][39m [37m<-- GET /wd/hub/session/9dbf4443-9d36-419a-b64d-2bf6345ef519 [39m[32m200[39m [90m8 ms - 1112[39m
[35m[HTTP][39m [90m[39m
[35m[HTTP][39m [37m-->[39m [37mGET[39m [37m/wd/hub/session/9dbf4443-9d36-419a-b64d-2bf6345ef519[39m
[35m[HTTP][39m [90m{}[39m
[35m[HTTP][39m [37m<-- GET /wd/hub/session/9dbf4443-9d36-419a-b64d-2bf6345ef519 [39m[32m200[39m [90m9 ms - 1112[39m
[35m[HTTP][39m [90m[39m
[35m[HTTP][39m [37m-->[39m [37mGET[39m [37m/wd/hub/status[39m
[35m[HTTP][39m [90m{}[39m
[35m[HTTP][39m [37m<-- GET /wd/hub/status [39m[32m200[39m [90m1 ms - 68[39m
[35m[HTTP][39m [90m[39m
[35m[HTTP][39m [37m-->[39m [37mPOST[39m [37m/wd/hub/session/9dbf4443-9d36-419a-b64d-2bf6345ef519/timeouts[39m
[35m[HTTP][39m [90m{"implicit":60000}[39m
[35m[HTTP][39m [37m<-- POST /wd/hub/session/9dbf4443-9d36-419a-b64d-2bf6345ef519/timeouts [39m[32m200[39m [90m2 ms - 14[39m
[35m[HTTP][39m [90m[39m
[35m[HTTP][39m [37m-->[39m [37mGET[39m [37m/wd/hub/session/9dbf4443-9d36-419a-b64d-2bf6345ef519/screenshot[39m
[35m[HTTP][39m [90m{}[39m
[35m[HTTP][39m [37m<-- GET /wd/hub/session/9dbf4443-9d36-419a-b64d-2bf6345ef519/screenshot [39m[32m200[39m [90m449 ms - 244716[39m
[35m[HTTP][39m [90m[39m
[35m[HTTP][39m [37m-->[39m [37mGET[39m [37m/wd/hub/session/9dbf4443-9d36-419a-b64d-2bf6345ef519/window/rect[39m
[35m[HTTP][39m [90m{}[39m
[35m[HTTP][39m [37m<-- GET /wd/hub/session/9dbf4443-9d36-419a-b64d-2bf6345ef519/window/rect [39m[32m200[39m [90m21 ms - 50[39m
[35m[HTTP][39m [90m[39m
[35m[HTTP][39m [37m-->[39m [37mGET[39m [37m/wd/hub/session/9dbf4443-9d36-419a-b64d-2bf6345ef519/appium/device/system_bars[39m
[35m[HTTP][39m [90m{}[39m
[35m[HTTP][39m [37m<-- GET /wd/hub/session/9dbf4443-9d36-419a-b64d-2bf6345ef519/appium/device/system_bars [39m[32m200[39m [90m92 ms - 148[39m
[35m[HTTP][39m [90m[39m
[35m[HTTP][39m [37m-->[39m [37mPOST[39m [37m/wd/hub/session/9dbf4443-9d36-419a-b64d-2bf6345ef519/appium/device/activate_app[39m
[35m[HTTP][39m [90m{"bundleId":"com.gigantic.clawee"}[39m
[35m[HTTP][39m [37m<-- POST /wd/hub/session/9dbf4443-9d36-419a-b64d-2bf6345ef519/appium/device/activate_app [39m[32m200[39m [90m329 ms - 14[39m
[35m[HTTP][39m [90m[39m
[35m[HTTP][39m [37m-->[39m [37mGET[39m [37m/wd/hub/session/9dbf4443-9d36-419a-b64d-2bf6345ef519/source[39m
[35m[HTTP][39m [90m{}[39m
[35m[W3C (9dbf4443)][39m Driver proxy active, passing request on via HTTP proxy
[35m[WD Proxy][39m Replacing sessionId f5535930-50e1-40c7-8fc2-f415a2a5a40c with 9dbf4443-9d36-419a-b64d-2bf6345ef519
[35m[HTTP][39m [37m<-- GET /wd/hub/session/9dbf4443-9d36-419a-b64d-2bf6345ef519/source [39m[32m200[39m [90m1233 ms - 2703[39m
[35m[HTTP][39m [90m[39m
[35m[HTTP][39m [37m-->[39m [37mGET[39m [37m/wd/hub/session/9dbf4443-9d36-419a-b64d-2bf6345ef519/screenshot[39m
[35m[HTTP][39m [90m{}[39m
[35m[HTTP][39m [37m<-- GET /wd/hub/session/9dbf4443-9d36-419a-b64d-2bf6345ef519/screenshot [39m[32m200[39m [90m749 ms - 840150[39m
[35m[HTTP][39m [90m[39m
[35m[HTTP][39m [37m-->[39m [37mGET[39m [37m/wd/hub/session/9dbf4443-9d36-419a-b64d-2bf6345ef519/source[39m
[35m[HTTP][39m [90m{}[39m
[35m[W3C (9dbf4443)][39m Driver proxy active, passing request on via HTTP proxy
[35m[WD Proxy][39m Replacing sessionId f5535930-50e1-40c7-8fc2-f415a2a5a40c with 9dbf4443-9d36-419a-b64d-2bf6345ef519
[35m[HTTP][39m [37m<-- GET /wd/hub/session/9dbf4443-9d36-419a-b64d-2bf6345ef519/source [39m[32m200[39m [90m174 ms - 5009[39m
[35m[HTTP][39m [90m[39m
[35m[HTTP][39m [37m-->[39m [37mGET[39m [37m/wd/hub/session/9dbf4443-9d36-419a-b64d-2bf6345ef519/screenshot[39m
[35m[HTTP][39m [90m{}[39m
[35m[HTTP][39m [37m<-- GET /wd/hub/session/9dbf4443-9d36-419a-b64d-2bf6345ef519/screenshot [39m[32m200[39m [90m991 ms - 1029034[39m
[35m[HTTP][39m [90m[39m
[35m[HTTP][39m [37m-->[39m [37mPOST[39m [37m/wd/hub/session/9dbf4443-9d36-419a-b64d-2bf6345ef519/elements[39m
[35m[HTTP][39m [90m{"using":"xpath","value":"//*[@class = 'android.widget.TextView' and (@text = 'Cancel' or . = 'Cancel') and @resource-id = 'com.gigantic.clawee:id/greenButtonText']"}[39m
[35m[HTTP][39m [37m<-- POST /wd/hub/session/9dbf4443-9d36-419a-b64d-2bf6345ef519/elements [39m[32m200[39m [90m236 ms - 139[39m
[35m[HTTP][39m [90m[39m
[35m[HTTP][39m [37m-->[39m [37mPOST[39m [37m/wd/hub/session/9dbf4443-9d36-419a-b64d-2bf6345ef519/elements[39m
[35m[HTTP][39m [90m{"using":"xpath","value":"//*[@class = 'android.widget.ImageView' and @resource-id = 'com.gigantic.clawee:id/smallButton' and (@text = '' or . = '')]"}[39m
[35m[HTTP][39m [37m<-- POST /wd/hub/session/9dbf4443-9d36-419a-b64d-2bf6345ef519/elements [39m[32m200[39m [90m155 ms - 139[39m
[35m[HTTP][39m [90m[39m
[35m[HTTP][39m [37m-->[39m [37mPOST[39m [37m/wd/hub/session/9dbf4443-9d36-419a-b64d-2bf6345ef519/elements[39m
[35m[HTTP][39m [90m{"using":"xpath","value":"//*[@class = 'android.widget.TextView' and (@text = 'Oh No!' or . = 'Oh No!') and @resource-id = 'com.gigantic.clawee:id/titleText']"}[39m
[35m[HTTP][39m [37m<-- POST /wd/hub/session/9dbf4443-9d36-419a-b64d-2bf6345ef519/elements [39m[32m200[39m [90m159 ms - 139[39m
[35m[HTTP][39m [90m[39m
[35m[HTTP][39m [37m-->[39m [37mPOST[39m [37m/wd/hub/session/9dbf4443-9d36-419a-b64d-2bf6345ef519/elements[39m
[35m[HTTP][39m [90m{"using":"xpath","value":"//*[@class = 'android.widget.TextView' and (@text = 'Are you sure you want to logout?' or . = 'Are you sure you want to logout?') and @resource-id = 'com.gigantic.clawee:id/descriptionText']"}[39m
[35m[HTTP][39m [37m<-- POST /wd/hub/session/9dbf4443-9d36-419a-b64d-2bf6345ef519/elements [39m[32m200[39m [90m125 ms - 139[39m
[35m[HTTP][39m [90m[39m
[35m[HTTP][39m [37m-->[39m [37mDELETE[39m [37m/wd/hub/session/9dbf4443-9d36-419a-b64d-2bf6345ef519[39m
[35m[HTTP][39m [90m{}[39m
[35m[Appium][39m Removing session 9dbf4443-9d36-419a-b64d-2bf6345ef519 from our master session list
[35m[UiAutomator2][39m Restoring hidden api policy to the device default configuration
[35m[HTTP][39m [37m<-- DELETE /wd/hub/session/9dbf4443-9d36-419a-b64d-2bf6345ef519 [39m[32m200[39m [90m497 ms - 14[39m
[35m[HTTP][39m [90m[39m
